[14:22:48.320][info] [#0:/Users/johnjson/.vscode/extensions/sumneko.lua-3.13.5-darwin-arm64/server/main.lua:68]: Lua Lsp startup, root: 	/Users/johnjson/.vscode/extensions/sumneko.lua-3.13.5-darwin-arm64/server
[14:22:48.332][info] [#0:/Users/johnjson/.vscode/extensions/sumneko.lua-3.13.5-darwin-arm64/server/main.lua:69]: ROOT:	/Users/johnjson/.vscode/extensions/sumneko.lua-3.13.5-darwin-arm64/server
[14:22:48.332][info] [#0:/Users/johnjson/.vscode/extensions/sumneko.lua-3.13.5-darwin-arm64/server/main.lua:70]: LOGPATH:	/Users/johnjson/.vscode/extensions/sumneko.lua-3.13.5-darwin-arm64/server/log
[14:22:48.332][info] [#0:/Users/johnjson/.vscode/extensions/sumneko.lua-3.13.5-darwin-arm64/server/main.lua:71]: METAPATH:	/Users/johnjson/.vscode/extensions/sumneko.lua-3.13.5-darwin-arm64/server/meta
[14:22:48.335][info] [#0:/Users/johnjson/.vscode/extensions/sumneko.lua-3.13.5-darwin-arm64/server/main.lua:72]: VERSION:	3.13.5
[14:22:48.415][info] [#0:script/proto/proto.lua:260]: Listen Mode: stdio
[14:22:48.415][info] [#0:script/service/service.lua:145]: 
========= Medical Examination Report =========
    --------------- Memory ---------------
        Total: 2.255 MB
        # 00 : 2.255 MB
        # 01 : 0.000 MB
        # 02 : 0.000 MB
        # 03 : 0.000 MB
        # 04 : 0.000 MB
    --------------- Coroutine ---------------
        Total:     0
        Running:   0
        Suspended: 0
        Normal:    0
        Dead:      0
    --------------- Cache ---------------
        Total: 1
        Dead:  0
    ---------------  RPC  ---------------
        Holdon:   0
        Waiting:  0
==============================================
[14:22:48.528][info] [#0:script/client.lua:657]: Client init	{
  capabilities = {
    general = {
      markdown = {
        allowedTags = { "ul", "li", "p", "code", "blockquote", "ol", "h1", "h2", "h3", "h4", "h5", "h6", "hr", "em", "pre", "table", "thead", "tbody", "tr", "th", "td", "div", "del", "a", "strong", "br", "img", "span" },
        parser = "marked",
        version = "1.1.0"
      },
      positionEncodings = { "utf-16" },
      regularExpressions = {
        engine = "ECMAScript",
        version = "ES2020"
      },
      staleRequestSupport = {
        cancel = true,
        retryOnContentModified = { "textDocument/semanticTokens/full", "textDocument/semanticTokens/range", "textDocument/semanticTokens/full/delta" }
      }
    },
    notebookDocument = {
      synchronization = {
        dynamicRegistration = true,
        executionSummarySupport = true
      }
    },
    textDocument = {
      callHierarchy = {
        dynamicRegistration = true
      },
      codeAction = {
        codeActionLiteralSupport = {
          codeActionKind = {
            valueSet = { "", "quickfix", "refactor", "refactor.extract", "refactor.inline", "refactor.rewrite", "source", "source.organizeImports" }
          }
        },
        dataSupport = true,
        disabledSupport = true,
        dynamicRegistration = true,
        honorsChangeAnnotations = true,
        isPreferredSupport = true,
        resolveSupport = {
          properties = { "edit" }
        }
      },
      codeLens = {
        dynamicRegistration = true
      },
      colorProvider = {
        dynamicRegistration = true
      },
      completion = {
        completionItem = {
          commitCharactersSupport = true,
          deprecatedSupport = true,
          documentationFormat = { "markdown", "plaintext" },
          insertReplaceSupport = true,
          insertTextModeSupport = {
            valueSet = { 1, 2 }
          },
          labelDetailsSupport = true,
          preselectSupport = true,
          resolveSupport = {
            properties = { "documentation", "detail", "additionalTextEdits" }
          },
          snippetSupport = true,
          tagSupport = {
            valueSet = { 1 }
          }
        },
        completionItemKind = {
          valueSet = { 1, 2, 3, 4, 5, 6, 7, 8, 9, 10, 11, 12, 13, 14, 15, 16, 17, 18, 19, 20, 21, 22, 23, 24, 25 }
        },
        completionList = {
          itemDefaults = { "commitCharacters", "editRange", "insertTextFormat", "insertTextMode", "data" }
        },
        contextSupport = true,
        dynamicRegistration = true,
        insertTextMode = 2
      },
      declaration = {
        dynamicRegistration = true,
        linkSupport = true
      },
      definition = {
        dynamicRegistration = true,
        linkSupport = true
      },
      diagnostic = {
        dynamicRegistration = true,
        relatedDocumentSupport = false
      },
      documentHighlight = {
        dynamicRegistration = true
      },
      documentLink = {
        dynamicRegistration = true,
        tooltipSupport = true
      },
      documentSymbol = {
        dynamicRegistration = true,
        hierarchicalDocumentSymbolSupport = true,
        labelSupport = true,
        symbolKind = {
          valueSet = { 1, 2, 3, 4, 5, 6, 7, 8, 9, 10, 11, 12, 13, 14, 15, 16, 17, 18, 19, 20, 21, 22, 23, 24, 25, 26 }
        },
        tagSupport = {
          valueSet = { 1 }
        }
      },
      foldingRange = {
        dynamicRegistration = true,
        foldingRange = {
          collapsedText = false
        },
        foldingRangeKind = {
          valueSet = { "comment", "imports", "region" }
        },
        lineFoldingOnly = true,
        rangeLimit = 5000
      },
      formatting = {
        dynamicRegistration = true
      },
      hover = {
        contentFormat = { "markdown", "plaintext" },
        dynamicRegistration = true
      },
      implementation = {
        dynamicRegistration = true,
        linkSupport = true
      },
      inlayHint = {
        dynamicRegistration = true,
        resolveSupport = {
          properties = { "tooltip", "textEdits", "label.tooltip", "label.location", "label.command" }
        }
      },
      inlineValue = {
        dynamicRegistration = true
      },
      linkedEditingRange = {
        dynamicRegistration = true
      },
      onTypeFormatting = {
        dynamicRegistration = true
      },
      publishDiagnostics = {
        codeDescriptionSupport = true,
        dataSupport = true,
        relatedInformation = true,
        tagSupport = {
          valueSet = { 1, 2 }
        },
        versionSupport = false
      },
      rangeFormatting = {
        dynamicRegistration = true,
        rangesSupport = true
      },
      references = {
        dynamicRegistration = true
      },
      rename = {
        dynamicRegistration = true,
        honorsChangeAnnotations = true,
        prepareSupport = true,
        prepareSupportDefaultBehavior = 1
      },
      selectionRange = {
        dynamicRegistration = true
      },
      semanticTokens = {
        augmentsSyntaxTokens = true,
        dynamicRegistration = true,
        formats = { "relative" },
        multilineTokenSupport = false,
        overlappingTokenSupport = false,
        requests = {
          full = {
            delta = true
          },
          range = true
        },
        serverCancelSupport = true,
        tokenModifiers = { "declaration", "definition", "readonly", "static", "deprecated", "abstract", "async", "modification", "documentation", "defaultLibrary" },
        tokenTypes = { "namespace", "type", "class", "enum", "interface", "struct", "typeParameter", "parameter", "variable", "property", "enumMember", "event", "function", "method", "macro", "keyword", "modifier", "comment", "string", "number", "regexp", "operator", "decorator" }
      },
      signatureHelp = {
        contextSupport = true,
        dynamicRegistration = true,
        signatureInformation = {
          activeParameterSupport = true,
          documentationFormat = { "markdown", "plaintext" },
          parameterInformation = {
            labelOffsetSupport = true
          }
        }
      },
      synchronization = {
        didSave = true,
        dynamicRegistration = true,
        willSave = true,
        willSaveWaitUntil = true
      },
      typeDefinition = {
        dynamicRegistration = true,
        linkSupport = true
      },
      typeHierarchy = {
        dynamicRegistration = true
      }
    },
    window = {
      showDocument = {
        support = true
      },
      showMessage = {
        messageActionItem = {
          additionalPropertiesSupport = true
        }
      },
      workDoneProgress = true
    },
    workspace = {
      applyEdit = true,
      codeLens = {
        refreshSupport = true
      },
      configuration = true,
      diagnostics = {
        refreshSupport = true
      },
      didChangeConfiguration = {
        dynamicRegistration = true
      },
      didChangeWatchedFiles = {
        dynamicRegistration = true,
        relativePatternSupport = true
      },
      executeCommand = {
        dynamicRegistration = true
      },
      fileOperations = {
        didCreate = true,
        didDelete = true,
        didRename = true,
        dynamicRegistration = true,
        willCreate = true,
        willDelete = true,
        willRename = true
      },
      foldingRange = {
        refreshSupport = true
      },
      inlayHint = {
        refreshSupport = true
      },
      inlineValue = {
        refreshSupport = true
      },
      semanticTokens = {
        refreshSupport = true
      },
      symbol = {
        dynamicRegistration = true,
        resolveSupport = {
          properties = { "location.range" }
        },
        symbolKind = {
          valueSet = { 1, 2, 3, 4, 5, 6, 7, 8, 9, 10, 11, 12, 13, 14, 15, 16, 17, 18, 19, 20, 21, 22, 23, 24, 25, 26 }
        },
        tagSupport = {
          valueSet = { 1 }
        }
      },
      workspaceEdit = {
        changeAnnotationSupport = {
          groupsOnLabel = true
        },
        documentChanges = true,
        failureHandling = "textOnlyTransactional",
        normalizesLineEndings = true,
        resourceOperations = { "create", "rename", "delete" }
      },
      workspaceFolders = true
    }
  },
  clientInfo = {
    name = "Visual Studio Code",
    version = "1.96.4"
  },
  initializationOptions = {
    changeConfiguration = true,
    codeLensViewReferences = true,
    fixIndents = true,
    languageConfiguration = true,
    statusBar = true,
    storagePath = "/Users/johnjson/Library/Application Support/Code/User/globalStorage/sumneko.lua",
    trustByClient = true,
    useSemanticByRange = true,
    viewDocument = true
  },
  locale = "en",
  processId = 4047,
  rootPath = "/Users/johnjson/.config/sketchybar",
  rootUri = "file:///Users/johnjson/.config/sketchybar",
  trace = "off",
  workDoneToken = "82544b1f-d86b-4e7e-b4cb-4d93752de6bd",
  workspaceFolders = { {
      name = "sketchybar",
      uri = "file:///Users/johnjson/.config/sketchybar"
    } }
}
[14:22:48.529][info] [#0:script/language.lua:137]: VSC language: en
[14:22:48.529][info] [#0:script/language.lua:138]: LS  language: en-us
[14:22:48.529][info] [#0:script/workspace/workspace.lua:38]: Workspace init root: 	file:///Users/johnjson/.config/sketchybar
[14:22:48.529][info] [#0:script/workspace/workspace.lua:42]: Log path: 	/Users/johnjson/.vscode/extensions/sumneko.lua-3.13.5-darwin-arm64/server/log/file_Users_johnjson_.config_sketchybar.log
[14:22:48.529][info] [#0:script/workspace/workspace.lua:48]: Workspace create: 	file:///Users/johnjson/.config/sketchybar
[14:22:49.160][info] [#0:script/provider/provider.lua:49]: Load config from client	file:///Users/johnjson/.config/sketchybar
[14:22:49.161][info] [#0:script/provider/provider.lua:50]: {
  Lua = {
    addonManager = {
      enable = true,
      repositoryBranch = "",
      repositoryPath = ""
    },
    codeLens = {
      enable = false
    },
    completion = {
      autoRequire = true,
      callSnippet = "Disable",
      displayContext = 0,
      enable = true,
      keywordSnippet = "Replace",
      postfix = "@",
      requireSeparator = ".",
      showParams = true,
      showWord = "Fallback",
      workspaceWord = true
    },
    diagnostics = {
      disable = {},
      disableScheme = { "git" },
      enable = true,
      globals = { "add_calendar_item", "add_month_navigation_arrows", "sbar", "id" },
      globalsRegex = {},
      groupFileStatus = {},
      groupSeverity = {},
      ignoredFiles = "Opened",
      libraryFiles = "Opened",
      neededFileStatus = {},
      severity = {},
      unusedLocalExclude = {},
      workspaceDelay = 3000,
      workspaceEvent = "OnSave",
      workspaceRate = 100
    },
    doc = {
      packageName = {},
      privateName = {},
      protectedName = {},
      regengine = "glob"
    },
    docScriptPath = "",
    format = {
      defaultConfig = {},
      enable = true
    },
    hint = {
      arrayIndex = "Auto",
      await = true,
      awaitPropagate = false,
      enable = false,
      paramName = "All",
      paramType = true,
      semicolon = "SameLine",
      setType = false
    },
    hover = {
      enable = true,
      enumsLimit = 5,
      expandAlias = true,
      previewFields = 10,
      viewNumber = true,
      viewString = true,
      viewStringMax = 1000
    },
    language = {
      completeAnnotation = true,
      fixIndent = true
    },
    misc = {
      executablePath = "",
      parameters = {}
    },
    nameStyle = {
      config = {}
    },
    runtime = {
      builtin = {},
      fileEncoding = "utf8",
      meta = "${version} ${language} ${encoding}",
      nonstandardSymbol = {},
      path = { "?.lua", "?/init.lua" },
      pathStrict = false,
      plugin = "",
      pluginArgs = {},
      special = {},
      unicodeName = false,
      version = "Lua 5.4"
    },
    semantic = {
      annotation = true,
      enable = true,
      keyword = false,
      variable = true
    },
    signatureHelp = {
      enable = true
    },
    spell = {
      dict = {}
    },
    type = {
      castNumberToInteger = true,
      checkTableShape = false,
      inferParamType = false,
      inferTableSize = 10,
      weakNilCheck = false,
      weakUnionCheck = false
    },
    typeFormat = {
      config = {}
    },
    window = {
      progressBar = true,
      statusBar = true
    },
    workspace = {
      checkThirdParty = "",
      ignoreDir = { ".vscode" },
      ignoreSubmodules = true,
      library = {},
      maxPreload = 5000,
      preloadFileSize = 500,
      useGitIgnore = true,
      userThirdParty = {}
    }
  },
  ["editor.acceptSuggestionOnEnter"] = "on",
  ["editor.semanticHighlighting.enabled"] = "configuredByTheme",
  ["files.associations"] = {},
  ["files.exclude"] = {
    ["**/.DS_Store"] = true,
    ["**/.git"] = true,
    ["**/.hg"] = true,
    ["**/.svn"] = true,
    ["**/CVS"] = true,
    ["**/Thumbs.db"] = true
  }
}
[14:22:49.293][info] [#0:script/provider/completion.lua:43]: Enable completion.
[14:22:49.326][info] [#0:script/provider/provider.lua:65]: Load config from client	fallback
[14:22:49.326][info] [#0:script/provider/provider.lua:66]: {
  Lua = {
    addonManager = {
      enable = true,
      repositoryBranch = "",
      repositoryPath = ""
    },
    codeLens = {
      enable = false
    },
    completion = {
      autoRequire = true,
      callSnippet = "Disable",
      displayContext = 0,
      enable = true,
      keywordSnippet = "Replace",
      postfix = "@",
      requireSeparator = ".",
      showParams = true,
      showWord = "Fallback",
      workspaceWord = true
    },
    diagnostics = {
      disable = {},
      disableScheme = { "git" },
      enable = true,
      globals = { "add_calendar_item", "add_month_navigation_arrows", "sbar", "id" },
      globalsRegex = {},
      groupFileStatus = {},
      groupSeverity = {},
      ignoredFiles = "Opened",
      libraryFiles = "Opened",
      neededFileStatus = {},
      severity = {},
      unusedLocalExclude = {},
      workspaceDelay = 3000,
      workspaceEvent = "OnSave",
      workspaceRate = 100
    },
    doc = {
      packageName = {},
      privateName = {},
      protectedName = {},
      regengine = "glob"
    },
    docScriptPath = "",
    format = {
      defaultConfig = {},
      enable = true
    },
    hint = {
      arrayIndex = "Auto",
      await = true,
      awaitPropagate = false,
      enable = false,
      paramName = "All",
      paramType = true,
      semicolon = "SameLine",
      setType = false
    },
    hover = {
      enable = true,
      enumsLimit = 5,
      expandAlias = true,
      previewFields = 10,
      viewNumber = true,
      viewString = true,
      viewStringMax = 1000
    },
    language = {
      completeAnnotation = true,
      fixIndent = true
    },
    misc = {
      executablePath = "",
      parameters = {}
    },
    nameStyle = {
      config = {}
    },
    runtime = {
      builtin = {},
      fileEncoding = "utf8",
      meta = "${version} ${language} ${encoding}",
      nonstandardSymbol = {},
      path = { "?.lua", "?/init.lua" },
      pathStrict = false,
      plugin = "",
      pluginArgs = {},
      special = {},
      unicodeName = false,
      version = "Lua 5.4"
    },
    semantic = {
      annotation = true,
      enable = true,
      keyword = false,
      variable = true
    },
    signatureHelp = {
      enable = true
    },
    spell = {
      dict = {}
    },
    type = {
      castNumberToInteger = true,
      checkTableShape = false,
      inferParamType = false,
      inferTableSize = 10,
      weakNilCheck = false,
      weakUnionCheck = false
    },
    typeFormat = {
      config = {}
    },
    window = {
      progressBar = true,
      statusBar = true
    },
    workspace = {
      checkThirdParty = "",
      ignoreDir = { ".vscode" },
      ignoreSubmodules = true,
      library = {},
      maxPreload = 5000,
      preloadFileSize = 500,
      useGitIgnore = true,
      userThirdParty = {}
    }
  },
  ["editor.acceptSuggestionOnEnter"] = "on",
  ["editor.semanticHighlighting.enabled"] = "configuredByTheme",
  ["files.associations"] = {},
  ["files.exclude"] = {
    ["**/.DS_Store"] = true,
    ["**/.git"] = true,
    ["**/.hg"] = true,
    ["**/.svn"] = true,
    ["**/CVS"] = true,
    ["**/Thumbs.db"] = true
  }
}
[14:22:49.614][info] [#0:script/plugin.lua:125]: plugin path:	/Users/johnjson/.config/sketchybar
[14:22:49.616][warn] [#0:script/plugin.lua:140]: plugin not found:	/Users/johnjson/.config/sketchybar
[14:22:49.616][info] [#0:script/library.lua:212]: Init builtin library at:	file:///Users/johnjson/.config/sketchybar
[14:22:49.700][info] [#0:script/library.lua:212]: Init builtin library at:	nil
[14:22:49.832][info] [#0:script/workspace/workspace.lua:324]: Preload start:	file:///Users/johnjson/.config/sketchybar
[14:22:49.840][info] [#0:script/workspace/workspace.lua:330]: Scan files at:	file:///Users/johnjson/.config/sketchybar
[14:22:49.843][info] [#0:script/workspace/workspace.lua:324]: Preload start:	<fallback>
[14:22:49.848][info] [#0:script/workspace/workspace.lua:353]: Scan library at:	file:///Users/johnjson/.vscode/extensions/sumneko.lua-3.13.5-darwin-arm64/server/meta/Lua%205.4%20en-us%20utf8/package.lua
[14:22:49.848][info] [#0:script/workspace/workspace.lua:353]: Scan library at:	file:///Users/johnjson/.vscode/extensions/sumneko.lua-3.13.5-darwin-arm64/server/meta/Lua%205.4%20en-us%20utf8/io.lua
[14:22:49.849][info] [#0:script/workspace/workspace.lua:353]: Scan library at:	file:///Users/johnjson/.vscode/extensions/sumneko.lua-3.13.5-darwin-arm64/server/meta/Lua%205.4%20en-us%20utf8/basic.lua
[14:22:49.849][info] [#0:script/workspace/workspace.lua:353]: Scan library at:	file:///Users/johnjson/.vscode/extensions/sumneko.lua-3.13.5-darwin-arm64/server/meta/Lua%205.4%20en-us%20utf8/os.lua
[14:22:49.850][info] [#0:script/workspace/workspace.lua:353]: Scan library at:	file:///Users/johnjson/.vscode/extensions/sumneko.lua-3.13.5-darwin-arm64/server/meta/Lua%205.4%20en-us%20utf8/string.lua
[14:22:49.850][info] [#0:script/workspace/workspace.lua:353]: Scan library at:	file:///Users/johnjson/.vscode/extensions/sumneko.lua-3.13.5-darwin-arm64/server/meta/Lua%205.4%20en-us%20utf8/coroutine.lua
[14:22:49.850][info] [#0:script/workspace/workspace.lua:353]: Scan library at:	file:///Users/johnjson/.vscode/extensions/sumneko.lua-3.13.5-darwin-arm64/server/meta/Lua%205.4%20en-us%20utf8/math.lua
[14:22:49.850][info] [#0:script/workspace/workspace.lua:353]: Scan library at:	file:///Users/johnjson/.vscode/extensions/sumneko.lua-3.13.5-darwin-arm64/server/meta/Lua%205.4%20en-us%20utf8/utf8.lua
[14:22:49.850][info] [#0:script/workspace/workspace.lua:353]: Scan library at:	file:///Users/johnjson/.vscode/extensions/sumneko.lua-3.13.5-darwin-arm64/server/meta/Lua%205.4%20en-us%20utf8/debug.lua
[14:22:49.851][info] [#0:script/workspace/workspace.lua:353]: Scan library at:	file:///Users/johnjson/.vscode/extensions/sumneko.lua-3.13.5-darwin-arm64/server/meta/Lua%205.4%20en-us%20utf8/table.lua
[14:22:49.851][info] [#0:script/workspace/workspace.lua:353]: Scan library at:	file:///Users/johnjson/.vscode/extensions/sumneko.lua-3.13.5-darwin-arm64/server/meta/Lua%205.4%20en-us%20utf8/builtin.lua
[14:22:49.853][info] [#0:script/workspace/workspace.lua:353]: Scan library at:	file:///Users/johnjson/.vscode/extensions/sumneko.lua-3.13.5-darwin-arm64/server/meta/Lua%205.4%20en-us%20utf8/package.lua
[14:22:49.854][info] [#0:script/workspace/workspace.lua:353]: Scan library at:	file:///Users/johnjson/.vscode/extensions/sumneko.lua-3.13.5-darwin-arm64/server/meta/Lua%205.4%20en-us%20utf8/io.lua
[14:22:49.854][info] [#0:script/workspace/workspace.lua:353]: Scan library at:	file:///Users/johnjson/.vscode/extensions/sumneko.lua-3.13.5-darwin-arm64/server/meta/Lua%205.4%20en-us%20utf8/basic.lua
[14:22:49.854][info] [#0:script/workspace/workspace.lua:353]: Scan library at:	file:///Users/johnjson/.vscode/extensions/sumneko.lua-3.13.5-darwin-arm64/server/meta/Lua%205.4%20en-us%20utf8/os.lua
[14:22:49.854][info] [#0:script/workspace/workspace.lua:353]: Scan library at:	file:///Users/johnjson/.vscode/extensions/sumneko.lua-3.13.5-darwin-arm64/server/meta/Lua%205.4%20en-us%20utf8/string.lua
[14:22:49.854][info] [#0:script/workspace/workspace.lua:353]: Scan library at:	file:///Users/johnjson/.vscode/extensions/sumneko.lua-3.13.5-darwin-arm64/server/meta/Lua%205.4%20en-us%20utf8/coroutine.lua
[14:22:49.854][info] [#0:script/workspace/workspace.lua:353]: Scan library at:	file:///Users/johnjson/.vscode/extensions/sumneko.lua-3.13.5-darwin-arm64/server/meta/Lua%205.4%20en-us%20utf8/math.lua
[14:22:49.854][info] [#0:script/workspace/workspace.lua:353]: Scan library at:	file:///Users/johnjson/.vscode/extensions/sumneko.lua-3.13.5-darwin-arm64/server/meta/Lua%205.4%20en-us%20utf8/utf8.lua
[14:22:49.854][info] [#0:script/workspace/workspace.lua:353]: Scan library at:	file:///Users/johnjson/.vscode/extensions/sumneko.lua-3.13.5-darwin-arm64/server/meta/Lua%205.4%20en-us%20utf8/debug.lua
[14:22:49.854][info] [#0:script/workspace/workspace.lua:353]: Scan library at:	file:///Users/johnjson/.vscode/extensions/sumneko.lua-3.13.5-darwin-arm64/server/meta/Lua%205.4%20en-us%20utf8/table.lua
[14:22:49.854][info] [#0:script/workspace/workspace.lua:353]: Scan library at:	file:///Users/johnjson/.vscode/extensions/sumneko.lua-3.13.5-darwin-arm64/server/meta/Lua%205.4%20en-us%20utf8/builtin.lua
[14:22:49.956][info] [#0:script/workspace/workspace.lua:379]: Found 11 files at:	<fallback>
[14:22:49.956][info] [#0:script/workspace/loading.lua:160]: Load files from disk:	<fallback>
[14:22:49.956][info] [#0:script/workspace/workspace.lua:379]: Found 40 files at:	file:///Users/johnjson/.config/sketchybar
[14:22:49.956][info] [#0:script/workspace/loading.lua:160]: Load files from disk:	file:///Users/johnjson/.config/sketchybar
[14:22:49.957][info] [#0:script/workspace/loading.lua:100]: Preload file at: file:///Users/johnjson/.vscode/extensions/sumneko.lua-3.13.5-darwin-arm64/server/meta/Lua%205.4%20en-us%20utf8/builtin.lua , size = 0.302 KB
[14:22:49.958][info] [#0:script/workspace/loading.lua:112]: ++++As library of:	file:///Users/johnjson/.vscode/extensions/sumneko.lua-3.13.5-darwin-arm64/server/meta/Lua%205.4%20en-us%20utf8/builtin.lua
[14:22:49.958][info] [#0:script/workspace/loading.lua:100]: Preload file at: file:///Users/johnjson/.vscode/extensions/sumneko.lua-3.13.5-darwin-arm64/server/meta/Lua%205.4%20en-us%20utf8/table.lua , size = 4.551 KB
[14:22:49.961][info] [#0:script/workspace/loading.lua:112]: ++++As library of:	file:///Users/johnjson/.vscode/extensions/sumneko.lua-3.13.5-darwin-arm64/server/meta/Lua%205.4%20en-us%20utf8/table.lua
[14:22:49.961][info] [#0:script/workspace/loading.lua:97]: Skip loaded file: file:///Users/johnjson/.vscode/extensions/sumneko.lua-3.13.5-darwin-arm64/server/meta/Lua%205.4%20en-us%20utf8/builtin.lua
[14:22:49.961][info] [#0:script/workspace/loading.lua:97]: Skip loaded file: file:///Users/johnjson/.vscode/extensions/sumneko.lua-3.13.5-darwin-arm64/server/meta/Lua%205.4%20en-us%20utf8/table.lua
[14:22:49.961][info] [#0:script/workspace/loading.lua:100]: Preload file at: file:///Users/johnjson/.vscode/extensions/sumneko.lua-3.13.5-darwin-arm64/server/meta/Lua%205.4%20en-us%20utf8/debug.lua , size = 7.812 KB
[14:22:49.965][info] [#0:script/workspace/loading.lua:112]: ++++As library of:	file:///Users/johnjson/.vscode/extensions/sumneko.lua-3.13.5-darwin-arm64/server/meta/Lua%205.4%20en-us%20utf8/debug.lua
[14:22:49.965][info] [#0:script/workspace/loading.lua:97]: Skip loaded file: file:///Users/johnjson/.vscode/extensions/sumneko.lua-3.13.5-darwin-arm64/server/meta/Lua%205.4%20en-us%20utf8/debug.lua
[14:22:49.965][info] [#0:script/workspace/loading.lua:100]: Preload file at: file:///Users/johnjson/.vscode/extensions/sumneko.lua-3.13.5-darwin-arm64/server/meta/Lua%205.4%20en-us%20utf8/utf8.lua , size = 2.447 KB
[14:22:49.966][info] [#0:script/workspace/loading.lua:112]: ++++As library of:	file:///Users/johnjson/.vscode/extensions/sumneko.lua-3.13.5-darwin-arm64/server/meta/Lua%205.4%20en-us%20utf8/utf8.lua
[14:22:49.966][info] [#0:script/workspace/loading.lua:97]: Skip loaded file: file:///Users/johnjson/.vscode/extensions/sumneko.lua-3.13.5-darwin-arm64/server/meta/Lua%205.4%20en-us%20utf8/utf8.lua
[14:22:49.966][info] [#0:script/workspace/loading.lua:100]: Preload file at: file:///Users/johnjson/.vscode/extensions/sumneko.lua-3.13.5-darwin-arm64/server/meta/Lua%205.4%20en-us%20utf8/math.lua , size = 8.825 KB
[14:22:49.970][info] [#0:script/workspace/loading.lua:112]: ++++As library of:	file:///Users/johnjson/.vscode/extensions/sumneko.lua-3.13.5-darwin-arm64/server/meta/Lua%205.4%20en-us%20utf8/math.lua
[14:22:49.970][info] [#0:script/workspace/loading.lua:97]: Skip loaded file: file:///Users/johnjson/.vscode/extensions/sumneko.lua-3.13.5-darwin-arm64/server/meta/Lua%205.4%20en-us%20utf8/math.lua
[14:22:49.970][info] [#0:script/workspace/loading.lua:100]: Preload file at: file:///Users/johnjson/.vscode/extensions/sumneko.lua-3.13.5-darwin-arm64/server/meta/Lua%205.4%20en-us%20utf8/coroutine.lua , size = 2.669 KB
[14:22:49.973][info] [#0:script/workspace/loading.lua:112]: ++++As library of:	file:///Users/johnjson/.vscode/extensions/sumneko.lua-3.13.5-darwin-arm64/server/meta/Lua%205.4%20en-us%20utf8/coroutine.lua
[14:22:49.973][info] [#0:script/workspace/loading.lua:97]: Skip loaded file: file:///Users/johnjson/.vscode/extensions/sumneko.lua-3.13.5-darwin-arm64/server/meta/Lua%205.4%20en-us%20utf8/coroutine.lua
[14:22:49.973][info] [#0:script/workspace/loading.lua:100]: Preload file at: file:///Users/johnjson/.vscode/extensions/sumneko.lua-3.13.5-darwin-arm64/server/meta/Lua%205.4%20en-us%20utf8/string.lua , size = 6.547 KB
[14:22:49.977][info] [#0:script/workspace/loading.lua:112]: ++++As library of:	file:///Users/johnjson/.vscode/extensions/sumneko.lua-3.13.5-darwin-arm64/server/meta/Lua%205.4%20en-us%20utf8/string.lua
[14:22:49.977][info] [#0:script/workspace/loading.lua:97]: Skip loaded file: file:///Users/johnjson/.vscode/extensions/sumneko.lua-3.13.5-darwin-arm64/server/meta/Lua%205.4%20en-us%20utf8/string.lua
[14:22:49.977][info] [#0:script/workspace/loading.lua:100]: Preload file at: file:///Users/johnjson/.vscode/extensions/sumneko.lua-3.13.5-darwin-arm64/server/meta/Lua%205.4%20en-us%20utf8/os.lua , size = 5.863 KB
[14:22:49.979][info] [#0:script/workspace/loading.lua:112]: ++++As library of:	file:///Users/johnjson/.vscode/extensions/sumneko.lua-3.13.5-darwin-arm64/server/meta/Lua%205.4%20en-us%20utf8/os.lua
[14:22:49.979][info] [#0:script/workspace/loading.lua:97]: Skip loaded file: file:///Users/johnjson/.vscode/extensions/sumneko.lua-3.13.5-darwin-arm64/server/meta/Lua%205.4%20en-us%20utf8/os.lua
[14:22:49.979][info] [#0:script/workspace/loading.lua:100]: Preload file at: file:///Users/johnjson/.vscode/extensions/sumneko.lua-3.13.5-darwin-arm64/server/meta/Lua%205.4%20en-us%20utf8/basic.lua , size = 16.192 KB
[14:22:49.990][info] [#0:script/workspace/loading.lua:112]: ++++As library of:	file:///Users/johnjson/.vscode/extensions/sumneko.lua-3.13.5-darwin-arm64/server/meta/Lua%205.4%20en-us%20utf8/basic.lua
[14:22:49.990][info] [#0:script/workspace/loading.lua:100]: Preload file at: file:///Users/johnjson/.vscode/extensions/sumneko.lua-3.13.5-darwin-arm64/server/meta/Lua%205.4%20en-us%20utf8/io.lua , size = 6.566 KB
[14:22:49.993][info] [#0:script/workspace/loading.lua:112]: ++++As library of:	file:///Users/johnjson/.vscode/extensions/sumneko.lua-3.13.5-darwin-arm64/server/meta/Lua%205.4%20en-us%20utf8/io.lua
[14:22:49.993][info] [#0:script/workspace/loading.lua:97]: Skip loaded file: file:///Users/johnjson/.vscode/extensions/sumneko.lua-3.13.5-darwin-arm64/server/meta/Lua%205.4%20en-us%20utf8/io.lua
[14:22:49.993][info] [#0:script/workspace/loading.lua:100]: Preload file at: file:///Users/johnjson/.vscode/extensions/sumneko.lua-3.13.5-darwin-arm64/server/meta/Lua%205.4%20en-us%20utf8/package.lua , size = 3.050 KB
[14:22:49.995][info] [#0:script/workspace/loading.lua:112]: ++++As library of:	file:///Users/johnjson/.vscode/extensions/sumneko.lua-3.13.5-darwin-arm64/server/meta/Lua%205.4%20en-us%20utf8/package.lua
[14:22:49.995][info] [#0:script/workspace/loading.lua:97]: Skip loaded file: file:///Users/johnjson/.vscode/extensions/sumneko.lua-3.13.5-darwin-arm64/server/meta/Lua%205.4%20en-us%20utf8/package.lua
[14:22:49.995][info] [#0:script/workspace/loading.lua:100]: Preload file at: file:///Users/johnjson/.config/sketchybar/init.lua , size = 1.203 KB
[14:22:49.995][info] [#0:script/workspace/loading.lua:97]: Skip loaded file: file:///Users/johnjson/.vscode/extensions/sumneko.lua-3.13.5-darwin-arm64/server/meta/Lua%205.4%20en-us%20utf8/basic.lua
[14:22:49.995][info] [#0:script/workspace/loading.lua:100]: Preload file at: file:///Users/johnjson/.config/sketchybar/colors.lua , size = 0.495 KB
[14:22:49.996][info] [#0:script/workspace/loading.lua:100]: Preload file at: file:///Users/johnjson/.config/sketchybar/settings.lua , size = 0.567 KB
[14:22:49.996][info] [#0:script/workspace/loading.lua:100]: Preload file at: file:///Users/johnjson/.config/sketchybar/dock.lua , size = 0.391 KB
[14:22:49.997][info] [#0:script/workspace/loading.lua:88]: Skip loaded file: file:///Users/johnjson/.config/sketchybar/items/volume.lua
[14:22:49.997][info] [#0:script/workspace/loading.lua:100]: Preload file at: file:///Users/johnjson/.config/sketchybar/icons.lua , size = 4.012 KB
[14:22:49.998][info] [#0:script/workspace/loading.lua:100]: Preload file at: file:///Users/johnjson/.config/sketchybar/colors_light.lua , size = 2.757 KB
[14:22:49.999][info] [#0:script/workspace/loading.lua:100]: Preload file at: file:///Users/johnjson/.config/sketchybar/items/center_bar.lua , size = 0.924 KB
[14:22:50.000][info] [#0:script/workspace/loading.lua:100]: Preload file at: file:///Users/johnjson/.config/sketchybar/items/spaces.lua , size = 5.108 KB
[14:22:50.002][info] [#0:script/workspace/loading.lua:100]: Preload file at: file:///Users/johnjson/.config/sketchybar/items/wifi.lua , size = 5.556 KB
[14:22:50.005][info] [#0:script/workspace/loading.lua:100]: Preload file at: file:///Users/johnjson/.config/sketchybar/items/cpu.lua , size = 1.616 KB
[14:22:50.006][info] [#0:script/workspace/loading.lua:100]: Preload file at: file:///Users/johnjson/.config/sketchybar/items/init.lua , size = 0.082 KB
[14:22:50.006][info] [#0:script/workspace/loading.lua:100]: Preload file at: file:///Users/johnjson/.config/sketchybar/items/left_bar.lua , size = 0.856 KB
[14:22:50.007][info] [#0:script/workspace/loading.lua:100]: Preload file at: file:///Users/johnjson/.config/sketchybar/items/right_bar.lua , size = 0.923 KB
[14:22:50.007][info] [#0:script/workspace/loading.lua:100]: Preload file at: file:///Users/johnjson/.config/sketchybar/items/app_launcher.lua , size = 1.740 KB
[14:22:50.008][info] [#0:script/workspace/loading.lua:100]: Preload file at: file:///Users/johnjson/.config/sketchybar/items/cal.lua , size = 4.178 KB
[14:22:50.010][info] [#0:script/workspace/loading.lua:100]: Preload file at: file:///Users/johnjson/.config/sketchybar/items/search.lua , size = 1.039 KB
[14:22:50.016][info] [#0:script/workspace/loading.lua:100]: Preload file at: file:///Users/johnjson/.config/sketchybar/items/front_app.lua , size = 3.396 KB
[14:22:50.018][info] [#0:script/workspace/loading.lua:100]: Preload file at: file:///Users/johnjson/.config/sketchybar/items/bottom_bar.lua , size = 0.760 KB
[14:22:50.018][info] [#0:script/workspace/loading.lua:100]: Preload file at: file:///Users/johnjson/.config/sketchybar/items/apple.lua , size = 3.742 KB
[14:22:50.021][info] [#0:script/workspace/loading.lua:100]: Preload file at: file:///Users/johnjson/.config/sketchybar/items/menu_swap.lua , size = 3.330 KB
[14:22:50.022][info] [#0:script/workspace/loading.lua:100]: Preload file at: file:///Users/johnjson/.config/sketchybar/items/menus.lua , size = 2.423 KB
[14:22:50.023][info] [#0:script/workspace/loading.lua:100]: Preload file at: file:///Users/johnjson/.config/sketchybar/items/media.lua , size = 5.396 KB
[14:22:50.025][info] [#0:script/workspace/loading.lua:100]: Preload file at: file:///Users/johnjson/.config/sketchybar/bar.lua , size = 0.387 KB
[14:22:50.025][info] [#0:script/workspace/loading.lua:100]: Preload file at: file:///Users/johnjson/.config/sketchybar/colors_dark.lua , size = 1.692 KB
[14:22:50.026][info] [#0:script/workspace/loading.lua:100]: Preload file at: file:///Users/johnjson/.config/sketchybar/helpers/init.lua , size = 0.186 KB
[14:22:50.026][info] [#0:script/workspace/loading.lua:100]: Preload file at: file:///Users/johnjson/.config/sketchybar/default.lua , size = 1.502 KB
[14:22:50.027][info] [#0:script/workspace/loading.lua:100]: Preload file at: file:///Users/johnjson/.config/sketchybar/helpers/app_icons.lua , size = 6.439 KB
[14:22:50.028][info] [#0:script/workspace/loading.lua:100]: Preload file at: file:///Users/johnjson/.config/sketchybar/helpers/default_font.lua , size = 0.486 KB
[14:22:50.132][info] [#0:script/workspace/loading.lua:172]: Loaded files takes [0.067] sec: <fallback>
[14:22:50.132][info] [#0:script/workspace/loading.lua:181]: Compile files takes [0.000] sec: <fallback>
[14:22:50.132][info] [#0:script/workspace/loading.lua:182]: Loaded finish:	<fallback>
[14:22:50.132][info] [#0:script/workspace/workspace.lua:381]: Preload finish at:	<fallback>
[14:22:50.134][info] [#0:script/workspace/loading.lua:172]: Loaded files takes [0.069] sec: file:///Users/johnjson/.config/sketchybar
[14:22:50.134][info] [#0:script/workspace/loading.lua:181]: Compile files takes [0.000] sec: file:///Users/johnjson/.config/sketchybar
[14:22:50.134][info] [#0:script/workspace/loading.lua:182]: Loaded finish:	file:///Users/johnjson/.config/sketchybar
[14:22:50.134][info] [#0:script/workspace/workspace.lua:381]: Preload finish at:	file:///Users/johnjson/.config/sketchybar
[14:22:50.153][info] [#0:script/provider/diagnostic.lua:560]: Diagnostics scope [file:///Users/johnjson/.config/sketchybar], files count:[40]
[14:22:51.775][info] [#0:script/provider/diagnostic.lua:577]: Diagnostics scope [file:///Users/johnjson/.config/sketchybar] finished, takes [0.180] sec.
[14:32:48.370][info] [#0:script/service/service.lua:145]: 
========= Medical Examination Report =========
    --------------- Memory ---------------
        Total: 10.941 MB
        # 00 : 10.608 MB
        # 01 : 0.113 MB
        # 02 : 0.053 MB
        # 03 : 0.053 MB
        # 04 : 0.114 MB
    --------------- Coroutine ---------------
        Total:     3
        Running:   0
        Suspended: 0
        Normal:    0
        Dead:      3
    --------------- Cache ---------------
        Total: 1
        Dead:  0
    ---------------  RPC  ---------------
        Holdon:   0
        Waiting:  0
==============================================
[14:42:48.430][info] [#0:script/service/service.lua:145]: 
========= Medical Examination Report =========
    --------------- Memory ---------------
        Total: 11.759 MB
        # 00 : 11.426 MB
        # 01 : 0.113 MB
        # 02 : 0.053 MB
        # 03 : 0.053 MB
        # 04 : 0.114 MB
    --------------- Coroutine ---------------
        Total:     3
        Running:   0
        Suspended: 0
        Normal:    0
        Dead:      3
    --------------- Cache ---------------
        Total: 1
        Dead:  0
    ---------------  RPC  ---------------
        Holdon:   0
        Waiting:  0
==============================================
[14:52:48.833][info] [#0:script/service/service.lua:145]: 
========= Medical Examination Report =========
    --------------- Memory ---------------
        Total: 12.588 MB
        # 00 : 12.255 MB
        # 01 : 0.113 MB
        # 02 : 0.053 MB
        # 03 : 0.053 MB
        # 04 : 0.114 MB
    --------------- Coroutine ---------------
        Total:     5
        Running:   0
        Suspended: 0
        Normal:    0
        Dead:      5
    --------------- Cache ---------------
        Total: 1
        Dead:  0
    ---------------  RPC  ---------------
        Holdon:   0
        Waiting:  0
==============================================
[15:02:48.912][info] [#0:script/service/service.lua:145]: 
========= Medical Examination Report =========
    --------------- Memory ---------------
        Total: 13.406 MB
        # 00 : 13.073 MB
        # 01 : 0.113 MB
        # 02 : 0.053 MB
        # 03 : 0.053 MB
        # 04 : 0.114 MB
    --------------- Coroutine ---------------
        Total:     5
        Running:   0
        Suspended: 0
        Normal:    0
        Dead:      5
    --------------- Cache ---------------
        Total: 1
        Dead:  0
    ---------------  RPC  ---------------
        Holdon:   0
        Waiting:  0
==============================================
[15:12:48.923][info] [#0:script/service/service.lua:145]: 
========= Medical Examination Report =========
    --------------- Memory ---------------
        Total: 14.224 MB
        # 00 : 13.891 MB
        # 01 : 0.113 MB
        # 02 : 0.053 MB
        # 03 : 0.053 MB
        # 04 : 0.114 MB
    --------------- Coroutine ---------------
        Total:     5
        Running:   0
        Suspended: 0
        Normal:    0
        Dead:      5
    --------------- Cache ---------------
        Total: 1
        Dead:  0
    ---------------  RPC  ---------------
        Holdon:   0
        Waiting:  0
==============================================
[15:22:49.803][info] [#0:script/service/service.lua:145]: 
========= Medical Examination Report =========
    --------------- Memory ---------------
        Total: 15.043 MB
        # 00 : 14.710 MB
        # 01 : 0.113 MB
        # 02 : 0.053 MB
        # 03 : 0.053 MB
        # 04 : 0.114 MB
    --------------- Coroutine ---------------
        Total:     5
        Running:   0
        Suspended: 0
        Normal:    0
        Dead:      5
    --------------- Cache ---------------
        Total: 1
        Dead:  0
    ---------------  RPC  ---------------
        Holdon:   0
        Waiting:  0
==============================================
[15:32:50.240][info] [#0:script/service/service.lua:145]: 
========= Medical Examination Report =========
    --------------- Memory ---------------
        Total: 15.861 MB
        # 00 : 15.528 MB
        # 01 : 0.113 MB
        # 02 : 0.053 MB
        # 03 : 0.053 MB
        # 04 : 0.114 MB
    --------------- Coroutine ---------------
        Total:     5
        Running:   0
        Suspended: 0
        Normal:    0
        Dead:      5
    --------------- Cache ---------------
        Total: 1
        Dead:  0
    ---------------  RPC  ---------------
        Holdon:   0
        Waiting:  0
==============================================
[15:42:51.102][info] [#0:script/service/service.lua:145]: 
========= Medical Examination Report =========
    --------------- Memory ---------------
        Total: 16.678 MB
        # 00 : 16.345 MB
        # 01 : 0.113 MB
        # 02 : 0.053 MB
        # 03 : 0.053 MB
        # 04 : 0.114 MB
    --------------- Coroutine ---------------
        Total:     5
        Running:   0
        Suspended: 0
        Normal:    0
        Dead:      5
    --------------- Cache ---------------
        Total: 1
        Dead:  0
    ---------------  RPC  ---------------
        Holdon:   0
        Waiting:  0
==============================================
[15:52:51.618][info] [#0:script/service/service.lua:145]: 
========= Medical Examination Report =========
    --------------- Memory ---------------
        Total: 17.496 MB
        # 00 : 17.163 MB
        # 01 : 0.113 MB
        # 02 : 0.053 MB
        # 03 : 0.053 MB
        # 04 : 0.114 MB
    --------------- Coroutine ---------------
        Total:     5
        Running:   0
        Suspended: 0
        Normal:    0
        Dead:      5
    --------------- Cache ---------------
        Total: 1
        Dead:  0
    ---------------  RPC  ---------------
        Holdon:   0
        Waiting:  0
==============================================
[16:02:51.649][info] [#0:script/service/service.lua:145]: 
========= Medical Examination Report =========
    --------------- Memory ---------------
        Total: 18.314 MB
        # 00 : 17.981 MB
        # 01 : 0.113 MB
        # 02 : 0.053 MB
        # 03 : 0.053 MB
        # 04 : 0.114 MB
    --------------- Coroutine ---------------
        Total:     5
        Running:   0
        Suspended: 0
        Normal:    0
        Dead:      5
    --------------- Cache ---------------
        Total: 1
        Dead:  0
    ---------------  RPC  ---------------
        Holdon:   0
        Waiting:  0
==============================================
[16:12:51.680][info] [#0:script/service/service.lua:145]: 
========= Medical Examination Report =========
    --------------- Memory ---------------
        Total: 19.130 MB
        # 00 : 18.797 MB
        # 01 : 0.113 MB
        # 02 : 0.053 MB
        # 03 : 0.053 MB
        # 04 : 0.114 MB
    --------------- Coroutine ---------------
        Total:     5
        Running:   0
        Suspended: 0
        Normal:    0
        Dead:      5
    --------------- Cache ---------------
        Total: 1
        Dead:  0
    ---------------  RPC  ---------------
        Holdon:   0
        Waiting:  0
==============================================
[16:22:51.720][info] [#0:script/service/service.lua:145]: 
========= Medical Examination Report =========
    --------------- Memory ---------------
        Total: 10.154 MB
        # 00 : 9.821 MB
        # 01 : 0.113 MB
        # 02 : 0.053 MB
        # 03 : 0.053 MB
        # 04 : 0.114 MB
    --------------- Coroutine ---------------
        Total:     0
        Running:   0
        Suspended: 0
        Normal:    0
        Dead:      0
    --------------- Cache ---------------
        Total: 1
        Dead:  0
    ---------------  RPC  ---------------
        Holdon:   0
        Waiting:  0
==============================================
[16:32:51.733][info] [#0:script/service/service.lua:145]: 
========= Medical Examination Report =========
    --------------- Memory ---------------
        Total: 10.973 MB
        # 00 : 10.640 MB
        # 01 : 0.113 MB
        # 02 : 0.053 MB
        # 03 : 0.053 MB
        # 04 : 0.114 MB
    --------------- Coroutine ---------------
        Total:     0
        Running:   0
        Suspended: 0
        Normal:    0
        Dead:      0
    --------------- Cache ---------------
        Total: 1
        Dead:  0
    ---------------  RPC  ---------------
        Holdon:   0
        Waiting:  0
==============================================
[16:42:51.804][info] [#0:script/service/service.lua:145]: 
========= Medical Examination Report =========
    --------------- Memory ---------------
        Total: 10.817 MB
        # 00 : 10.483 MB
        # 01 : 0.113 MB
        # 02 : 0.053 MB
        # 03 : 0.053 MB
        # 04 : 0.114 MB
    --------------- Coroutine ---------------
        Total:     0
        Running:   0
        Suspended: 0
        Normal:    0
        Dead:      0
    --------------- Cache ---------------
        Total: 1
        Dead:  0
    ---------------  RPC  ---------------
        Holdon:   0
        Waiting:  0
==============================================
[16:52:51.807][info] [#0:script/service/service.lua:145]: 
========= Medical Examination Report =========
    --------------- Memory ---------------
        Total: 10.662 MB
        # 00 : 10.329 MB
        # 01 : 0.113 MB
        # 02 : 0.053 MB
        # 03 : 0.053 MB
        # 04 : 0.114 MB
    --------------- Coroutine ---------------
        Total:     0
        Running:   0
        Suspended: 0
        Normal:    0
        Dead:      0
    --------------- Cache ---------------
        Total: 1
        Dead:  0
    ---------------  RPC  ---------------
        Holdon:   0
        Waiting:  0
==============================================
[17:02:51.853][info] [#0:script/service/service.lua:145]: 
========= Medical Examination Report =========
    --------------- Memory ---------------
        Total: 10.504 MB
        # 00 : 10.171 MB
        # 01 : 0.113 MB
        # 02 : 0.053 MB
        # 03 : 0.053 MB
        # 04 : 0.114 MB
    --------------- Coroutine ---------------
        Total:     0
        Running:   0
        Suspended: 0
        Normal:    0
        Dead:      0
    --------------- Cache ---------------
        Total: 1
        Dead:  0
    ---------------  RPC  ---------------
        Holdon:   0
        Waiting:  0
==============================================
[17:12:51.863][info] [#0:script/service/service.lua:145]: 
========= Medical Examination Report =========
    --------------- Memory ---------------
        Total: 10.345 MB
        # 00 : 10.012 MB
        # 01 : 0.113 MB
        # 02 : 0.053 MB
        # 03 : 0.053 MB
        # 04 : 0.114 MB
    --------------- Coroutine ---------------
        Total:     0
        Running:   0
        Suspended: 0
        Normal:    0
        Dead:      0
    --------------- Cache ---------------
        Total: 1
        Dead:  0
    ---------------  RPC  ---------------
        Holdon:   0
        Waiting:  0
==============================================
[17:22:51.938][info] [#0:script/service/service.lua:145]: 
========= Medical Examination Report =========
    --------------- Memory ---------------
        Total: 10.186 MB
        # 00 : 9.853 MB
        # 01 : 0.113 MB
        # 02 : 0.053 MB
        # 03 : 0.053 MB
        # 04 : 0.114 MB
    --------------- Coroutine ---------------
        Total:     0
        Running:   0
        Suspended: 0
        Normal:    0
        Dead:      0
    --------------- Cache ---------------
        Total: 1
        Dead:  0
    ---------------  RPC  ---------------
        Holdon:   0
        Waiting:  0
==============================================
[17:32:52.340][info] [#0:script/service/service.lua:145]: 
========= Medical Examination Report =========
    --------------- Memory ---------------
        Total: 11.005 MB
        # 00 : 10.672 MB
        # 01 : 0.113 MB
        # 02 : 0.053 MB
        # 03 : 0.053 MB
        # 04 : 0.114 MB
    --------------- Coroutine ---------------
        Total:     0
        Running:   0
        Suspended: 0
        Normal:    0
        Dead:      0
    --------------- Cache ---------------
        Total: 1
        Dead:  0
    ---------------  RPC  ---------------
        Holdon:   0
        Waiting:  0
==============================================
[17:42:53.085][info] [#0:script/service/service.lua:145]: 
========= Medical Examination Report =========
    --------------- Memory ---------------
        Total: 10.850 MB
        # 00 : 10.517 MB
        # 01 : 0.113 MB
        # 02 : 0.053 MB
        # 03 : 0.053 MB
        # 04 : 0.114 MB
    --------------- Coroutine ---------------
        Total:     0
        Running:   0
        Suspended: 0
        Normal:    0
        Dead:      0
    --------------- Cache ---------------
        Total: 1
        Dead:  0
    ---------------  RPC  ---------------
        Holdon:   0
        Waiting:  0
==============================================
[17:52:53.120][info] [#0:script/service/service.lua:145]: 
========= Medical Examination Report =========
    --------------- Memory ---------------
        Total: 10.688 MB
        # 00 : 10.355 MB
        # 01 : 0.113 MB
        # 02 : 0.053 MB
        # 03 : 0.053 MB
        # 04 : 0.114 MB
    --------------- Coroutine ---------------
        Total:     0
        Running:   0
        Suspended: 0
        Normal:    0
        Dead:      0
    --------------- Cache ---------------
        Total: 1
        Dead:  0
    ---------------  RPC  ---------------
        Holdon:   0
        Waiting:  0
==============================================
[18:02:53.203][info] [#0:script/service/service.lua:145]: 
========= Medical Examination Report =========
    --------------- Memory ---------------
        Total: 10.530 MB
        # 00 : 10.197 MB
        # 01 : 0.113 MB
        # 02 : 0.053 MB
        # 03 : 0.053 MB
        # 04 : 0.114 MB
    --------------- Coroutine ---------------
        Total:     0
        Running:   0
        Suspended: 0
        Normal:    0
        Dead:      0
    --------------- Cache ---------------
        Total: 1
        Dead:  0
    ---------------  RPC  ---------------
        Holdon:   0
        Waiting:  0
==============================================
[18:12:53.278][info] [#0:script/service/service.lua:145]: 
========= Medical Examination Report =========
    --------------- Memory ---------------
        Total: 10.373 MB
        # 00 : 10.040 MB
        # 01 : 0.113 MB
        # 02 : 0.053 MB
        # 03 : 0.053 MB
        # 04 : 0.114 MB
    --------------- Coroutine ---------------
        Total:     0
        Running:   0
        Suspended: 0
        Normal:    0
        Dead:      0
    --------------- Cache ---------------
        Total: 1
        Dead:  0
    ---------------  RPC  ---------------
        Holdon:   0
        Waiting:  0
==============================================
[18:22:53.361][info] [#0:script/service/service.lua:145]: 
========= Medical Examination Report =========
    --------------- Memory ---------------
        Total: 10.217 MB
        # 00 : 9.884 MB
        # 01 : 0.113 MB
        # 02 : 0.053 MB
        # 03 : 0.053 MB
        # 04 : 0.114 MB
    --------------- Coroutine ---------------
        Total:     0
        Running:   0
        Suspended: 0
        Normal:    0
        Dead:      0
    --------------- Cache ---------------
        Total: 1
        Dead:  0
    ---------------  RPC  ---------------
        Holdon:   0
        Waiting:  0
==============================================
[18:32:53.361][info] [#0:script/service/service.lua:145]: 
========= Medical Examination Report =========
    --------------- Memory ---------------
        Total: 11.036 MB
        # 00 : 10.703 MB
        # 01 : 0.113 MB
        # 02 : 0.053 MB
        # 03 : 0.053 MB
        # 04 : 0.114 MB
    --------------- Coroutine ---------------
        Total:     0
        Running:   0
        Suspended: 0
        Normal:    0
        Dead:      0
    --------------- Cache ---------------
        Total: 1
        Dead:  0
    ---------------  RPC  ---------------
        Holdon:   0
        Waiting:  0
==============================================
[18:42:54.160][info] [#0:script/service/service.lua:145]: 
========= Medical Examination Report =========
    --------------- Memory ---------------
        Total: 10.879 MB
        # 00 : 10.546 MB
        # 01 : 0.113 MB
        # 02 : 0.053 MB
        # 03 : 0.053 MB
        # 04 : 0.114 MB
    --------------- Coroutine ---------------
        Total:     0
        Running:   0
        Suspended: 0
        Normal:    0
        Dead:      0
    --------------- Cache ---------------
        Total: 1
        Dead:  0
    ---------------  RPC  ---------------
        Holdon:   0
        Waiting:  0
==============================================
[19:04:26.963][info] [#0:script/service/service.lua:145]: 
========= Medical Examination Report =========
    --------------- Memory ---------------
        Total: 10.419 MB
        # 00 : 10.086 MB
        # 01 : 0.113 MB
        # 02 : 0.053 MB
        # 03 : 0.053 MB
        # 04 : 0.114 MB
    --------------- Coroutine ---------------
        Total:     0
        Running:   0
        Suspended: 0
        Normal:    0
        Dead:      0
    --------------- Cache ---------------
        Total: 1
        Dead:  0
    ---------------  RPC  ---------------
        Holdon:   0
        Waiting:  0
==============================================
[19:20:15.173][info] [#0:script/service/service.lua:145]: 
========= Medical Examination Report =========
    --------------- Memory ---------------
        Total: 10.488 MB
        # 00 : 10.155 MB
        # 01 : 0.113 MB
        # 02 : 0.053 MB
        # 03 : 0.053 MB
        # 04 : 0.114 MB
    --------------- Coroutine ---------------
        Total:     0
        Running:   0
        Suspended: 0
        Normal:    0
        Dead:      0
    --------------- Cache ---------------
        Total: 1
        Dead:  0
    ---------------  RPC  ---------------
        Holdon:   0
        Waiting:  0
==============================================
[19:36:36.349][info] [#0:script/service/service.lua:145]: 
========= Medical Examination Report =========
    --------------- Memory ---------------
        Total: 10.557 MB
        # 00 : 10.224 MB
        # 01 : 0.113 MB
        # 02 : 0.053 MB
        # 03 : 0.053 MB
        # 04 : 0.114 MB
    --------------- Coroutine ---------------
        Total:     0
        Running:   0
        Suspended: 0
        Normal:    0
        Dead:      0
    --------------- Cache ---------------
        Total: 1
        Dead:  0
    ---------------  RPC  ---------------
        Holdon:   0
        Waiting:  0
==============================================
[19:52:38.956][info] [#0:script/service/service.lua:145]: 
========= Medical Examination Report =========
    --------------- Memory ---------------
        Total: 10.646 MB
        # 00 : 10.312 MB
        # 01 : 0.113 MB
        # 02 : 0.053 MB
        # 03 : 0.053 MB
        # 04 : 0.114 MB
    --------------- Coroutine ---------------
        Total:     0
        Running:   0
        Suspended: 0
        Normal:    0
        Dead:      0
    --------------- Cache ---------------
        Total: 1
        Dead:  0
    ---------------  RPC  ---------------
        Holdon:   0
        Waiting:  0
==============================================
[20:02:39.301][info] [#0:script/service/service.lua:145]: 
========= Medical Examination Report =========
    --------------- Memory ---------------
        Total: 10.488 MB
        # 00 : 10.155 MB
        # 01 : 0.113 MB
        # 02 : 0.053 MB
        # 03 : 0.053 MB
        # 04 : 0.114 MB
    --------------- Coroutine ---------------
        Total:     0
        Running:   0
        Suspended: 0
        Normal:    0
        Dead:      0
    --------------- Cache ---------------
        Total: 1
        Dead:  0
    ---------------  RPC  ---------------
        Holdon:   0
        Waiting:  0
==============================================
[20:12:39.734][info] [#0:script/service/service.lua:145]: 
========= Medical Examination Report =========
    --------------- Memory ---------------
        Total: 10.351 MB
        # 00 : 10.018 MB
        # 01 : 0.113 MB
        # 02 : 0.053 MB
        # 03 : 0.053 MB
        # 04 : 0.114 MB
    --------------- Coroutine ---------------
        Total:     2
        Running:   0
        Suspended: 0
        Normal:    0
        Dead:      2
    --------------- Cache ---------------
        Total: 1
        Dead:  0
    ---------------  RPC  ---------------
        Holdon:   0
        Waiting:  0
==============================================
[20:22:39.954][info] [#0:script/service/service.lua:145]: 
========= Medical Examination Report =========
    --------------- Memory ---------------
        Total: 10.194 MB
        # 00 : 9.861 MB
        # 01 : 0.113 MB
        # 02 : 0.053 MB
        # 03 : 0.053 MB
        # 04 : 0.114 MB
    --------------- Coroutine ---------------
        Total:     0
        Running:   0
        Suspended: 0
        Normal:    0
        Dead:      0
    --------------- Cache ---------------
        Total: 1
        Dead:  0
    ---------------  RPC  ---------------
        Holdon:   0
        Waiting:  0
==============================================
[20:32:40.039][info] [#0:script/service/service.lua:145]: 
========= Medical Examination Report =========
    --------------- Memory ---------------
        Total: 11.013 MB
        # 00 : 10.680 MB
        # 01 : 0.113 MB
        # 02 : 0.053 MB
        # 03 : 0.053 MB
        # 04 : 0.114 MB
    --------------- Coroutine ---------------
        Total:     0
        Running:   0
        Suspended: 0
        Normal:    0
        Dead:      0
    --------------- Cache ---------------
        Total: 1
        Dead:  0
    ---------------  RPC  ---------------
        Holdon:   0
        Waiting:  0
==============================================
[20:42:40.135][info] [#0:script/service/service.lua:145]: 
========= Medical Examination Report =========
    --------------- Memory ---------------
        Total: 10.855 MB
        # 00 : 10.522 MB
        # 01 : 0.113 MB
        # 02 : 0.053 MB
        # 03 : 0.053 MB
        # 04 : 0.114 MB
    --------------- Coroutine ---------------
        Total:     0
        Running:   0
        Suspended: 0
        Normal:    0
        Dead:      0
    --------------- Cache ---------------
        Total: 1
        Dead:  0
    ---------------  RPC  ---------------
        Holdon:   0
        Waiting:  0
==============================================
[20:52:40.239][info] [#0:script/service/service.lua:145]: 
========= Medical Examination Report =========
    --------------- Memory ---------------
        Total: 10.695 MB
        # 00 : 10.362 MB
        # 01 : 0.113 MB
        # 02 : 0.053 MB
        # 03 : 0.053 MB
        # 04 : 0.114 MB
    --------------- Coroutine ---------------
        Total:     0
        Running:   0
        Suspended: 0
        Normal:    0
        Dead:      0
    --------------- Cache ---------------
        Total: 1
        Dead:  0
    ---------------  RPC  ---------------
        Holdon:   0
        Waiting:  0
==============================================
[21:02:40.249][info] [#0:script/service/service.lua:145]: 
========= Medical Examination Report =========
    --------------- Memory ---------------
        Total: 10.538 MB
        # 00 : 10.205 MB
        # 01 : 0.113 MB
        # 02 : 0.053 MB
        # 03 : 0.053 MB
        # 04 : 0.114 MB
    --------------- Coroutine ---------------
        Total:     0
        Running:   0
        Suspended: 0
        Normal:    0
        Dead:      0
    --------------- Cache ---------------
        Total: 1
        Dead:  0
    ---------------  RPC  ---------------
        Holdon:   0
        Waiting:  0
==============================================
[21:12:40.253][info] [#0:script/service/service.lua:145]: 
========= Medical Examination Report =========
    --------------- Memory ---------------
        Total: 10.380 MB
        # 00 : 10.047 MB
        # 01 : 0.113 MB
        # 02 : 0.053 MB
        # 03 : 0.053 MB
        # 04 : 0.114 MB
    --------------- Coroutine ---------------
        Total:     0
        Running:   0
        Suspended: 0
        Normal:    0
        Dead:      0
    --------------- Cache ---------------
        Total: 1
        Dead:  0
    ---------------  RPC  ---------------
        Holdon:   0
        Waiting:  0
==============================================
[21:22:40.299][info] [#0:script/service/service.lua:145]: 
========= Medical Examination Report =========
    --------------- Memory ---------------
        Total: 10.221 MB
        # 00 : 9.888 MB
        # 01 : 0.113 MB
        # 02 : 0.053 MB
        # 03 : 0.053 MB
        # 04 : 0.114 MB
    --------------- Coroutine ---------------
        Total:     0
        Running:   0
        Suspended: 0
        Normal:    0
        Dead:      0
    --------------- Cache ---------------
        Total: 1
        Dead:  0
    ---------------  RPC  ---------------
        Holdon:   0
        Waiting:  0
==============================================
[21:32:40.345][info] [#0:script/service/service.lua:145]: 
========= Medical Examination Report =========
    --------------- Memory ---------------
        Total: 11.040 MB
        # 00 : 10.707 MB
        # 01 : 0.113 MB
        # 02 : 0.053 MB
        # 03 : 0.053 MB
        # 04 : 0.114 MB
    --------------- Coroutine ---------------
        Total:     0
        Running:   0
        Suspended: 0
        Normal:    0
        Dead:      0
    --------------- Cache ---------------
        Total: 1
        Dead:  0
    ---------------  RPC  ---------------
        Holdon:   0
        Waiting:  0
==============================================
[21:42:40.351][info] [#0:script/service/service.lua:145]: 
========= Medical Examination Report =========
    --------------- Memory ---------------
        Total: 10.881 MB
        # 00 : 10.548 MB
        # 01 : 0.113 MB
        # 02 : 0.053 MB
        # 03 : 0.053 MB
        # 04 : 0.114 MB
    --------------- Coroutine ---------------
        Total:     0
        Running:   0
        Suspended: 0
        Normal:    0
        Dead:      0
    --------------- Cache ---------------
        Total: 1
        Dead:  0
    ---------------  RPC  ---------------
        Holdon:   0
        Waiting:  0
==============================================
[21:52:40.443][info] [#0:script/service/service.lua:145]: 
========= Medical Examination Report =========
    --------------- Memory ---------------
        Total: 10.721 MB
        # 00 : 10.388 MB
        # 01 : 0.113 MB
        # 02 : 0.053 MB
        # 03 : 0.053 MB
        # 04 : 0.114 MB
    --------------- Coroutine ---------------
        Total:     0
        Running:   0
        Suspended: 0
        Normal:    0
        Dead:      0
    --------------- Cache ---------------
        Total: 1
        Dead:  0
    ---------------  RPC  ---------------
        Holdon:   0
        Waiting:  0
==============================================
[22:02:40.506][info] [#0:script/service/service.lua:145]: 
========= Medical Examination Report =========
    --------------- Memory ---------------
        Total: 10.563 MB
        # 00 : 10.230 MB
        # 01 : 0.113 MB
        # 02 : 0.053 MB
        # 03 : 0.053 MB
        # 04 : 0.114 MB
    --------------- Coroutine ---------------
        Total:     0
        Running:   0
        Suspended: 0
        Normal:    0
        Dead:      0
    --------------- Cache ---------------
        Total: 1
        Dead:  0
    ---------------  RPC  ---------------
        Holdon:   0
        Waiting:  0
==============================================
[22:12:40.760][info] [#0:script/service/service.lua:145]: 
========= Medical Examination Report =========
    --------------- Memory ---------------
        Total: 10.404 MB
        # 00 : 10.071 MB
        # 01 : 0.113 MB
        # 02 : 0.053 MB
        # 03 : 0.053 MB
        # 04 : 0.114 MB
    --------------- Coroutine ---------------
        Total:     0
        Running:   0
        Suspended: 0
        Normal:    0
        Dead:      0
    --------------- Cache ---------------
        Total: 1
        Dead:  0
    ---------------  RPC  ---------------
        Holdon:   0
        Waiting:  0
==============================================
[22:22:41.263][info] [#0:script/service/service.lua:145]: 
========= Medical Examination Report =========
    --------------- Memory ---------------
        Total: 10.245 MB
        # 00 : 9.912 MB
        # 01 : 0.113 MB
        # 02 : 0.053 MB
        # 03 : 0.053 MB
        # 04 : 0.114 MB
    --------------- Coroutine ---------------
        Total:     0
        Running:   0
        Suspended: 0
        Normal:    0
        Dead:      0
    --------------- Cache ---------------
        Total: 1
        Dead:  0
    ---------------  RPC  ---------------
        Holdon:   0
        Waiting:  0
==============================================
[22:32:41.282][info] [#0:script/service/service.lua:145]: 
========= Medical Examination Report =========
    --------------- Memory ---------------
        Total: 11.064 MB
        # 00 : 10.731 MB
        # 01 : 0.113 MB
        # 02 : 0.053 MB
        # 03 : 0.053 MB
        # 04 : 0.114 MB
    --------------- Coroutine ---------------
        Total:     0
        Running:   0
        Suspended: 0
        Normal:    0
        Dead:      0
    --------------- Cache ---------------
        Total: 1
        Dead:  0
    ---------------  RPC  ---------------
        Holdon:   0
        Waiting:  0
==============================================
[22:42:41.375][info] [#0:script/service/service.lua:145]: 
========= Medical Examination Report =========
    --------------- Memory ---------------
        Total: 10.904 MB
        # 00 : 10.571 MB
        # 01 : 0.113 MB
        # 02 : 0.053 MB
        # 03 : 0.053 MB
        # 04 : 0.114 MB
    --------------- Coroutine ---------------
        Total:     0
        Running:   0
        Suspended: 0
        Normal:    0
        Dead:      0
    --------------- Cache ---------------
        Total: 1
        Dead:  0
    ---------------  RPC  ---------------
        Holdon:   0
        Waiting:  0
==============================================
[22:52:41.496][info] [#0:script/service/service.lua:145]: 
========= Medical Examination Report =========
    --------------- Memory ---------------
        Total: 10.743 MB
        # 00 : 10.410 MB
        # 01 : 0.113 MB
        # 02 : 0.053 MB
        # 03 : 0.053 MB
        # 04 : 0.114 MB
    --------------- Coroutine ---------------
        Total:     0
        Running:   0
        Suspended: 0
        Normal:    0
        Dead:      0
    --------------- Cache ---------------
        Total: 1
        Dead:  0
    ---------------  RPC  ---------------
        Holdon:   0
        Waiting:  0
==============================================
[23:02:41.501][info] [#0:script/service/service.lua:145]: 
========= Medical Examination Report =========
    --------------- Memory ---------------
        Total: 10.584 MB
        # 00 : 10.251 MB
        # 01 : 0.113 MB
        # 02 : 0.053 MB
        # 03 : 0.053 MB
        # 04 : 0.114 MB
    --------------- Coroutine ---------------
        Total:     0
        Running:   0
        Suspended: 0
        Normal:    0
        Dead:      0
    --------------- Cache ---------------
        Total: 1
        Dead:  0
    ---------------  RPC  ---------------
        Holdon:   0
        Waiting:  0
==============================================
[23:12:41.625][info] [#0:script/service/service.lua:145]: 
========= Medical Examination Report =========
    --------------- Memory ---------------
        Total: 10.424 MB
        # 00 : 10.091 MB
        # 01 : 0.113 MB
        # 02 : 0.053 MB
        # 03 : 0.053 MB
        # 04 : 0.114 MB
    --------------- Coroutine ---------------
        Total:     0
        Running:   0
        Suspended: 0
        Normal:    0
        Dead:      0
    --------------- Cache ---------------
        Total: 1
        Dead:  0
    ---------------  RPC  ---------------
        Holdon:   0
        Waiting:  0
==============================================
[23:22:41.689][info] [#0:script/service/service.lua:145]: 
========= Medical Examination Report =========
    --------------- Memory ---------------
        Total: 10.264 MB
        # 00 : 9.931 MB
        # 01 : 0.113 MB
        # 02 : 0.053 MB
        # 03 : 0.053 MB
        # 04 : 0.114 MB
    --------------- Coroutine ---------------
        Total:     0
        Running:   0
        Suspended: 0
        Normal:    0
        Dead:      0
    --------------- Cache ---------------
        Total: 1
        Dead:  0
    ---------------  RPC  ---------------
        Holdon:   0
        Waiting:  0
==============================================
[23:32:41.784][info] [#0:script/service/service.lua:145]: 
========= Medical Examination Report =========
    --------------- Memory ---------------
        Total: 11.083 MB
        # 00 : 10.750 MB
        # 01 : 0.113 MB
        # 02 : 0.053 MB
        # 03 : 0.053 MB
        # 04 : 0.114 MB
    --------------- Coroutine ---------------
        Total:     0
        Running:   0
        Suspended: 0
        Normal:    0
        Dead:      0
    --------------- Cache ---------------
        Total: 1
        Dead:  0
    ---------------  RPC  ---------------
        Holdon:   0
        Waiting:  0
==============================================
[23:42:41.996][info] [#0:script/service/service.lua:145]: 
========= Medical Examination Report =========
    --------------- Memory ---------------
        Total: 10.923 MB
        # 00 : 10.590 MB
        # 01 : 0.113 MB
        # 02 : 0.053 MB
        # 03 : 0.053 MB
        # 04 : 0.114 MB
    --------------- Coroutine ---------------
        Total:     0
        Running:   0
        Suspended: 0
        Normal:    0
        Dead:      0
    --------------- Cache ---------------
        Total: 1
        Dead:  0
    ---------------  RPC  ---------------
        Holdon:   0
        Waiting:  0
==============================================
[23:52:42.053][info] [#0:script/service/service.lua:145]: 
========= Medical Examination Report =========
    --------------- Memory ---------------
        Total: 10.761 MB
        # 00 : 10.428 MB
        # 01 : 0.113 MB
        # 02 : 0.053 MB
        # 03 : 0.053 MB
        # 04 : 0.114 MB
    --------------- Coroutine ---------------
        Total:     0
        Running:   0
        Suspended: 0
        Normal:    0
        Dead:      0
    --------------- Cache ---------------
        Total: 1
        Dead:  0
    ---------------  RPC  ---------------
        Holdon:   0
        Waiting:  0
==============================================
[00:02:42.136][info] [#0:script/service/service.lua:145]: 
========= Medical Examination Report =========
    --------------- Memory ---------------
        Total: 10.601 MB
        # 00 : 10.268 MB
        # 01 : 0.113 MB
        # 02 : 0.053 MB
        # 03 : 0.053 MB
        # 04 : 0.114 MB
    --------------- Coroutine ---------------
        Total:     0
        Running:   0
        Suspended: 0
        Normal:    0
        Dead:      0
    --------------- Cache ---------------
        Total: 1
        Dead:  0
    ---------------  RPC  ---------------
        Holdon:   0
        Waiting:  0
==============================================
[00:12:42.213][info] [#0:script/service/service.lua:145]: 
========= Medical Examination Report =========
    --------------- Memory ---------------
        Total: 10.441 MB
        # 00 : 10.108 MB
        # 01 : 0.113 MB
        # 02 : 0.053 MB
        # 03 : 0.053 MB
        # 04 : 0.114 MB
    --------------- Coroutine ---------------
        Total:     0
        Running:   0
        Suspended: 0
        Normal:    0
        Dead:      0
    --------------- Cache ---------------
        Total: 1
        Dead:  0
    ---------------  RPC  ---------------
        Holdon:   0
        Waiting:  0
==============================================
[00:22:42.702][info] [#0:script/service/service.lua:145]: 
========= Medical Examination Report =========
    --------------- Memory ---------------
        Total: 10.281 MB
        # 00 : 9.948 MB
        # 01 : 0.113 MB
        # 02 : 0.053 MB
        # 03 : 0.053 MB
        # 04 : 0.114 MB
    --------------- Coroutine ---------------
        Total:     0
        Running:   0
        Suspended: 0
        Normal:    0
        Dead:      0
    --------------- Cache ---------------
        Total: 1
        Dead:  0
    ---------------  RPC  ---------------
        Holdon:   0
        Waiting:  0
==============================================
[00:32:43.373][info] [#0:script/service/service.lua:145]: 
========= Medical Examination Report =========
    --------------- Memory ---------------
        Total: 11.100 MB
        # 00 : 10.767 MB
        # 01 : 0.113 MB
        # 02 : 0.053 MB
        # 03 : 0.053 MB
        # 04 : 0.114 MB
    --------------- Coroutine ---------------
        Total:     0
        Running:   0
        Suspended: 0
        Normal:    0
        Dead:      0
    --------------- Cache ---------------
        Total: 1
        Dead:  0
    ---------------  RPC  ---------------
        Holdon:   0
        Waiting:  0
==============================================
[00:42:43.385][info] [#0:script/service/service.lua:145]: 
========= Medical Examination Report =========
    --------------- Memory ---------------
        Total: 10.938 MB
        # 00 : 10.605 MB
        # 01 : 0.113 MB
        # 02 : 0.053 MB
        # 03 : 0.053 MB
        # 04 : 0.114 MB
    --------------- Coroutine ---------------
        Total:     0
        Running:   0
        Suspended: 0
        Normal:    0
        Dead:      0
    --------------- Cache ---------------
        Total: 1
        Dead:  0
    ---------------  RPC  ---------------
        Holdon:   0
        Waiting:  0
==============================================
[00:52:43.407][info] [#0:script/service/service.lua:145]: 
========= Medical Examination Report =========
    --------------- Memory ---------------
        Total: 10.776 MB
        # 00 : 10.443 MB
        # 01 : 0.113 MB
        # 02 : 0.053 MB
        # 03 : 0.053 MB
        # 04 : 0.114 MB
    --------------- Coroutine ---------------
        Total:     0
        Running:   0
        Suspended: 0
        Normal:    0
        Dead:      0
    --------------- Cache ---------------
        Total: 1
        Dead:  0
    ---------------  RPC  ---------------
        Holdon:   0
        Waiting:  0
==============================================
[01:02:43.539][info] [#0:script/service/service.lua:145]: 
========= Medical Examination Report =========
    --------------- Memory ---------------
        Total: 10.615 MB
        # 00 : 10.282 MB
        # 01 : 0.113 MB
        # 02 : 0.053 MB
        # 03 : 0.053 MB
        # 04 : 0.114 MB
    --------------- Coroutine ---------------
        Total:     0
        Running:   0
        Suspended: 0
        Normal:    0
        Dead:      0
    --------------- Cache ---------------
        Total: 1
        Dead:  0
    ---------------  RPC  ---------------
        Holdon:   0
        Waiting:  0
==============================================
[01:12:44.483][info] [#0:script/service/service.lua:145]: 
========= Medical Examination Report =========
    --------------- Memory ---------------
        Total: 10.454 MB
        # 00 : 10.121 MB
        # 01 : 0.113 MB
        # 02 : 0.053 MB
        # 03 : 0.053 MB
        # 04 : 0.114 MB
    --------------- Coroutine ---------------
        Total:     0
        Running:   0
        Suspended: 0
        Normal:    0
        Dead:      0
    --------------- Cache ---------------
        Total: 1
        Dead:  0
    ---------------  RPC  ---------------
        Holdon:   0
        Waiting:  0
==============================================
[01:22:44.896][info] [#0:script/service/service.lua:145]: 
========= Medical Examination Report =========
    --------------- Memory ---------------
        Total: 10.292 MB
        # 00 : 9.959 MB
        # 01 : 0.113 MB
        # 02 : 0.053 MB
        # 03 : 0.053 MB
        # 04 : 0.114 MB
    --------------- Coroutine ---------------
        Total:     0
        Running:   0
        Suspended: 0
        Normal:    0
        Dead:      0
    --------------- Cache ---------------
        Total: 1
        Dead:  0
    ---------------  RPC  ---------------
        Holdon:   0
        Waiting:  0
==============================================
[01:32:45.810][info] [#0:script/service/service.lua:145]: 
========= Medical Examination Report =========
    --------------- Memory ---------------
        Total: 11.111 MB
        # 00 : 10.778 MB
        # 01 : 0.113 MB
        # 02 : 0.053 MB
        # 03 : 0.053 MB
        # 04 : 0.114 MB
    --------------- Coroutine ---------------
        Total:     0
        Running:   0
        Suspended: 0
        Normal:    0
        Dead:      0
    --------------- Cache ---------------
        Total: 1
        Dead:  0
    ---------------  RPC  ---------------
        Holdon:   0
        Waiting:  0
==============================================
[01:42:46.014][info] [#0:script/service/service.lua:145]: 
========= Medical Examination Report =========
    --------------- Memory ---------------
        Total: 10.950 MB
        # 00 : 10.616 MB
        # 01 : 0.113 MB
        # 02 : 0.053 MB
        # 03 : 0.053 MB
        # 04 : 0.114 MB
    --------------- Coroutine ---------------
        Total:     0
        Running:   0
        Suspended: 0
        Normal:    0
        Dead:      0
    --------------- Cache ---------------
        Total: 1
        Dead:  0
    ---------------  RPC  ---------------
        Holdon:   0
        Waiting:  0
==============================================
[01:51:48.981][info] [#0:script/provider/provider.lua:49]: Load config from client	file:///Users/johnjson/.config/sketchybar
[01:51:48.981][info] [#0:script/provider/provider.lua:50]: {
  Lua = {
    addonManager = {
      enable = true,
      repositoryBranch = "",
      repositoryPath = ""
    },
    codeLens = {
      enable = false
    },
    completion = {
      autoRequire = true,
      callSnippet = "Disable",
      displayContext = 0,
      enable = true,
      keywordSnippet = "Replace",
      postfix = "@",
      requireSeparator = ".",
      showParams = true,
      showWord = "Fallback",
      workspaceWord = true
    },
    diagnostics = {
      disable = {},
      disableScheme = { "git" },
      enable = true,
      globals = { "add_calendar_item", "add_month_navigation_arrows", "sbar", "id" },
      globalsRegex = {},
      groupFileStatus = {},
      groupSeverity = {},
      ignoredFiles = "Opened",
      libraryFiles = "Opened",
      neededFileStatus = {},
      severity = {},
      unusedLocalExclude = {},
      workspaceDelay = 3000,
      workspaceEvent = "OnSave",
      workspaceRate = 100
    },
    doc = {
      packageName = {},
      privateName = {},
      protectedName = {},
      regengine = "glob"
    },
    docScriptPath = "",
    format = {
      defaultConfig = {},
      enable = true
    },
    hint = {
      arrayIndex = "Auto",
      await = true,
      awaitPropagate = false,
      enable = false,
      paramName = "All",
      paramType = true,
      semicolon = "SameLine",
      setType = false
    },
    hover = {
      enable = true,
      enumsLimit = 5,
      expandAlias = true,
      previewFields = 10,
      viewNumber = true,
      viewString = true,
      viewStringMax = 1000
    },
    language = {
      completeAnnotation = true,
      fixIndent = true
    },
    misc = {
      executablePath = "",
      parameters = {}
    },
    nameStyle = {
      config = {}
    },
    runtime = {
      builtin = {},
      fileEncoding = "utf8",
      meta = "${version} ${language} ${encoding}",
      nonstandardSymbol = {},
      path = { "?.lua", "?/init.lua" },
      pathStrict = false,
      plugin = "",
      pluginArgs = {},
      special = {},
      unicodeName = false,
      version = "Lua 5.4"
    },
    semantic = {
      annotation = true,
      enable = true,
      keyword = false,
      variable = true
    },
    signatureHelp = {
      enable = true
    },
    spell = {
      dict = {}
    },
    type = {
      castNumberToInteger = true,
      checkTableShape = false,
      inferParamType = false,
      inferTableSize = 10,
      weakNilCheck = false,
      weakUnionCheck = false
    },
    typeFormat = {
      config = {}
    },
    window = {
      progressBar = true,
      statusBar = true
    },
    workspace = {
      checkThirdParty = "",
      ignoreDir = { ".vscode" },
      ignoreSubmodules = true,
      library = {},
      maxPreload = 5000,
      preloadFileSize = 500,
      useGitIgnore = true,
      userThirdParty = {}
    }
  },
  ["editor.acceptSuggestionOnEnter"] = "on",
  ["editor.semanticHighlighting.enabled"] = "configuredByTheme",
  ["files.associations"] = {},
  ["files.exclude"] = {
    ["**/.DS_Store"] = true,
    ["**/.git"] = true,
    ["**/.hg"] = true,
    ["**/.svn"] = true,
    ["**/CVS"] = true,
    ["**/Thumbs.db"] = true
  }
}
[01:51:48.984][info] [#0:script/provider/provider.lua:65]: Load config from client	fallback
[01:51:48.984][info] [#0:script/provider/provider.lua:66]: {
  Lua = {
    addonManager = {
      enable = true,
      repositoryBranch = "",
      repositoryPath = ""
    },
    codeLens = {
      enable = false
    },
    completion = {
      autoRequire = true,
      callSnippet = "Disable",
      displayContext = 0,
      enable = true,
      keywordSnippet = "Replace",
      postfix = "@",
      requireSeparator = ".",
      showParams = true,
      showWord = "Fallback",
      workspaceWord = true
    },
    diagnostics = {
      disable = {},
      disableScheme = { "git" },
      enable = true,
      globals = { "add_calendar_item", "add_month_navigation_arrows", "sbar", "id" },
      globalsRegex = {},
      groupFileStatus = {},
      groupSeverity = {},
      ignoredFiles = "Opened",
      libraryFiles = "Opened",
      neededFileStatus = {},
      severity = {},
      unusedLocalExclude = {},
      workspaceDelay = 3000,
      workspaceEvent = "OnSave",
      workspaceRate = 100
    },
    doc = {
      packageName = {},
      privateName = {},
      protectedName = {},
      regengine = "glob"
    },
    docScriptPath = "",
    format = {
      defaultConfig = {},
      enable = true
    },
    hint = {
      arrayIndex = "Auto",
      await = true,
      awaitPropagate = false,
      enable = false,
      paramName = "All",
      paramType = true,
      semicolon = "SameLine",
      setType = false
    },
    hover = {
      enable = true,
      enumsLimit = 5,
      expandAlias = true,
      previewFields = 10,
      viewNumber = true,
      viewString = true,
      viewStringMax = 1000
    },
    language = {
      completeAnnotation = true,
      fixIndent = true
    },
    misc = {
      executablePath = "",
      parameters = {}
    },
    nameStyle = {
      config = {}
    },
    runtime = {
      builtin = {},
      fileEncoding = "utf8",
      meta = "${version} ${language} ${encoding}",
      nonstandardSymbol = {},
      path = { "?.lua", "?/init.lua" },
      pathStrict = false,
      plugin = "",
      pluginArgs = {},
      special = {},
      unicodeName = false,
      version = "Lua 5.4"
    },
    semantic = {
      annotation = true,
      enable = true,
      keyword = false,
      variable = true
    },
    signatureHelp = {
      enable = true
    },
    spell = {
      dict = {}
    },
    type = {
      castNumberToInteger = true,
      checkTableShape = false,
      inferParamType = false,
      inferTableSize = 10,
      weakNilCheck = false,
      weakUnionCheck = false
    },
    typeFormat = {
      config = {}
    },
    window = {
      progressBar = true,
      statusBar = true
    },
    workspace = {
      checkThirdParty = "",
      ignoreDir = { ".vscode" },
      ignoreSubmodules = true,
      library = {},
      maxPreload = 5000,
      preloadFileSize = 500,
      useGitIgnore = true,
      userThirdParty = {}
    }
  },
  ["editor.acceptSuggestionOnEnter"] = "on",
  ["editor.semanticHighlighting.enabled"] = "configuredByTheme",
  ["files.associations"] = {},
  ["files.exclude"] = {
    ["**/.DS_Store"] = true,
    ["**/.git"] = true,
    ["**/.hg"] = true,
    ["**/.svn"] = true,
    ["**/CVS"] = true,
    ["**/Thumbs.db"] = true
  }
}
[01:52:27.170][info] [#0:script/provider/diagnostic.lua:560]: Diagnostics scope [file:///Users/johnjson/.config/sketchybar], files count:[40]
[01:52:27.250][info] [#0:script/provider/diagnostic.lua:171]: clearDiagnostics	file:///Users/johnjson/.config/sketchybar/items/volume.lua
[01:52:27.260][info] [#0:script/provider/diagnostic.lua:577]: Diagnostics scope [file:///Users/johnjson/.config/sketchybar] finished, takes [0.089] sec.
[01:52:46.060][info] [#0:script/service/service.lua:145]: 
========= Medical Examination Report =========
    --------------- Memory ---------------
        Total: 10.465 MB
        # 00 : 10.132 MB
        # 01 : 0.113 MB
        # 02 : 0.053 MB
        # 03 : 0.053 MB
        # 04 : 0.114 MB
    --------------- Coroutine ---------------
        Total:     1
        Running:   0
        Suspended: 0
        Normal:    0
        Dead:      1
    --------------- Cache ---------------
        Total: 1
        Dead:  0
    ---------------  RPC  ---------------
        Holdon:   0
        Waiting:  0
==============================================
[01:53:06.663][info] [#0:script/provider/provider.lua:49]: Load config from client	file:///Users/johnjson/.config/sketchybar
[01:53:06.663][info] [#0:script/provider/provider.lua:50]: {
  Lua = {
    addonManager = {
      enable = true,
      repositoryBranch = "",
      repositoryPath = ""
    },
    codeLens = {
      enable = false
    },
    completion = {
      autoRequire = true,
      callSnippet = "Disable",
      displayContext = 0,
      enable = true,
      keywordSnippet = "Replace",
      postfix = "@",
      requireSeparator = ".",
      showParams = true,
      showWord = "Fallback",
      workspaceWord = true
    },
    diagnostics = {
      disable = {},
      disableScheme = { "git" },
      enable = true,
      globals = { "add_calendar_item", "add_month_navigation_arrows", "sbar", "id" },
      globalsRegex = {},
      groupFileStatus = {},
      groupSeverity = {},
      ignoredFiles = "Opened",
      libraryFiles = "Opened",
      neededFileStatus = {},
      severity = {},
      unusedLocalExclude = {},
      workspaceDelay = 3000,
      workspaceEvent = "OnSave",
      workspaceRate = 100
    },
    doc = {
      packageName = {},
      privateName = {},
      protectedName = {},
      regengine = "glob"
    },
    docScriptPath = "",
    format = {
      defaultConfig = {},
      enable = true
    },
    hint = {
      arrayIndex = "Auto",
      await = true,
      awaitPropagate = false,
      enable = false,
      paramName = "All",
      paramType = true,
      semicolon = "SameLine",
      setType = false
    },
    hover = {
      enable = true,
      enumsLimit = 5,
      expandAlias = true,
      previewFields = 10,
      viewNumber = true,
      viewString = true,
      viewStringMax = 1000
    },
    language = {
      completeAnnotation = true,
      fixIndent = true
    },
    misc = {
      executablePath = "",
      parameters = {}
    },
    nameStyle = {
      config = {}
    },
    runtime = {
      builtin = {},
      fileEncoding = "utf8",
      meta = "${version} ${language} ${encoding}",
      nonstandardSymbol = {},
      path = { "?.lua", "?/init.lua" },
      pathStrict = false,
      plugin = "",
      pluginArgs = {},
      special = {},
      unicodeName = false,
      version = "Lua 5.4"
    },
    semantic = {
      annotation = true,
      enable = true,
      keyword = false,
      variable = true
    },
    signatureHelp = {
      enable = true
    },
    spell = {
      dict = {}
    },
    type = {
      castNumberToInteger = true,
      checkTableShape = false,
      inferParamType = false,
      inferTableSize = 10,
      weakNilCheck = false,
      weakUnionCheck = false
    },
    typeFormat = {
      config = {}
    },
    window = {
      progressBar = true,
      statusBar = true
    },
    workspace = {
      checkThirdParty = "",
      ignoreDir = { ".vscode" },
      ignoreSubmodules = true,
      library = {},
      maxPreload = 5000,
      preloadFileSize = 500,
      useGitIgnore = true,
      userThirdParty = {}
    }
  },
  ["editor.acceptSuggestionOnEnter"] = "on",
  ["editor.semanticHighlighting.enabled"] = "configuredByTheme",
  ["files.associations"] = {},
  ["files.exclude"] = {
    ["**/.DS_Store"] = true,
    ["**/.git"] = true,
    ["**/.hg"] = true,
    ["**/.svn"] = true,
    ["**/CVS"] = true,
    ["**/Thumbs.db"] = true
  }
}
[01:53:06.774][info] [#0:script/provider/provider.lua:65]: Load config from client	fallback
[01:53:06.774][info] [#0:script/provider/provider.lua:66]: {
  Lua = {
    addonManager = {
      enable = true,
      repositoryBranch = "",
      repositoryPath = ""
    },
    codeLens = {
      enable = false
    },
    completion = {
      autoRequire = true,
      callSnippet = "Disable",
      displayContext = 0,
      enable = true,
      keywordSnippet = "Replace",
      postfix = "@",
      requireSeparator = ".",
      showParams = true,
      showWord = "Fallback",
      workspaceWord = true
    },
    diagnostics = {
      disable = {},
      disableScheme = { "git" },
      enable = true,
      globals = { "add_calendar_item", "add_month_navigation_arrows", "sbar", "id" },
      globalsRegex = {},
      groupFileStatus = {},
      groupSeverity = {},
      ignoredFiles = "Opened",
      libraryFiles = "Opened",
      neededFileStatus = {},
      severity = {},
      unusedLocalExclude = {},
      workspaceDelay = 3000,
      workspaceEvent = "OnSave",
      workspaceRate = 100
    },
    doc = {
      packageName = {},
      privateName = {},
      protectedName = {},
      regengine = "glob"
    },
    docScriptPath = "",
    format = {
      defaultConfig = {},
      enable = true
    },
    hint = {
      arrayIndex = "Auto",
      await = true,
      awaitPropagate = false,
      enable = false,
      paramName = "All",
      paramType = true,
      semicolon = "SameLine",
      setType = false
    },
    hover = {
      enable = true,
      enumsLimit = 5,
      expandAlias = true,
      previewFields = 10,
      viewNumber = true,
      viewString = true,
      viewStringMax = 1000
    },
    language = {
      completeAnnotation = true,
      fixIndent = true
    },
    misc = {
      executablePath = "",
      parameters = {}
    },
    nameStyle = {
      config = {}
    },
    runtime = {
      builtin = {},
      fileEncoding = "utf8",
      meta = "${version} ${language} ${encoding}",
      nonstandardSymbol = {},
      path = { "?.lua", "?/init.lua" },
      pathStrict = false,
      plugin = "",
      pluginArgs = {},
      special = {},
      unicodeName = false,
      version = "Lua 5.4"
    },
    semantic = {
      annotation = true,
      enable = true,
      keyword = false,
      variable = true
    },
    signatureHelp = {
      enable = true
    },
    spell = {
      dict = {}
    },
    type = {
      castNumberToInteger = true,
      checkTableShape = false,
      inferParamType = false,
      inferTableSize = 10,
      weakNilCheck = false,
      weakUnionCheck = false
    },
    typeFormat = {
      config = {}
    },
    window = {
      progressBar = true,
      statusBar = true
    },
    workspace = {
      checkThirdParty = "",
      ignoreDir = { ".vscode" },
      ignoreSubmodules = true,
      library = {},
      maxPreload = 5000,
      preloadFileSize = 500,
      useGitIgnore = true,
      userThirdParty = {}
    }
  },
  ["editor.acceptSuggestionOnEnter"] = "on",
  ["editor.semanticHighlighting.enabled"] = "configuredByTheme",
  ["files.associations"] = {},
  ["files.exclude"] = {
    ["**/.DS_Store"] = true,
    ["**/.git"] = true,
    ["**/.hg"] = true,
    ["**/.svn"] = true,
    ["**/CVS"] = true,
    ["**/Thumbs.db"] = true
  }
}
[02:02:46.070][info] [#0:script/service/service.lua:145]: 
========= Medical Examination Report =========
    --------------- Memory ---------------
        Total: 10.854 MB
        # 00 : 10.521 MB
        # 01 : 0.113 MB
        # 02 : 0.053 MB
        # 03 : 0.053 MB
        # 04 : 0.114 MB
    --------------- Coroutine ---------------
        Total:     1
        Running:   0
        Suspended: 0
        Normal:    0
        Dead:      1
    --------------- Cache ---------------
        Total: 1
        Dead:  0
    ---------------  RPC  ---------------
        Holdon:   0
        Waiting:  0
==============================================
[02:12:46.165][info] [#0:script/service/service.lua:145]: 
========= Medical Examination Report =========
    --------------- Memory ---------------
        Total: 10.658 MB
        # 00 : 10.325 MB
        # 01 : 0.113 MB
        # 02 : 0.053 MB
        # 03 : 0.053 MB
        # 04 : 0.114 MB
    --------------- Coroutine ---------------
        Total:     1
        Running:   0
        Suspended: 0
        Normal:    0
        Dead:      1
    --------------- Cache ---------------
        Total: 1
        Dead:  0
    ---------------  RPC  ---------------
        Holdon:   0
        Waiting:  0
==============================================
[02:22:47.135][info] [#0:script/service/service.lua:145]: 
========= Medical Examination Report =========
    --------------- Memory ---------------
        Total: 11.480 MB
        # 00 : 11.147 MB
        # 01 : 0.113 MB
        # 02 : 0.053 MB
        # 03 : 0.053 MB
        # 04 : 0.114 MB
    --------------- Coroutine ---------------
        Total:     1
        Running:   0
        Suspended: 0
        Normal:    0
        Dead:      1
    --------------- Cache ---------------
        Total: 1
        Dead:  0
    ---------------  RPC  ---------------
        Holdon:   0
        Waiting:  0
==============================================
