[14:22:48.320][info] [#0:/Users/johnjson/.vscode/extensions/sumneko.lua-3.13.5-darwin-arm64/server/main.lua:68]: Lua Lsp startup, root: 	/Users/johnjson/.vscode/extensions/sumneko.lua-3.13.5-darwin-arm64/server
[14:22:48.332][info] [#0:/Users/johnjson/.vscode/extensions/sumneko.lua-3.13.5-darwin-arm64/server/main.lua:69]: ROOT:	/Users/johnjson/.vscode/extensions/sumneko.lua-3.13.5-darwin-arm64/server
[14:22:48.332][info] [#0:/Users/johnjson/.vscode/extensions/sumneko.lua-3.13.5-darwin-arm64/server/main.lua:70]: LOGPATH:	/Users/johnjson/.vscode/extensions/sumneko.lua-3.13.5-darwin-arm64/server/log
[14:22:48.332][info] [#0:/Users/johnjson/.vscode/extensions/sumneko.lua-3.13.5-darwin-arm64/server/main.lua:71]: METAPATH:	/Users/johnjson/.vscode/extensions/sumneko.lua-3.13.5-darwin-arm64/server/meta
[14:22:48.335][info] [#0:/Users/johnjson/.vscode/extensions/sumneko.lua-3.13.5-darwin-arm64/server/main.lua:72]: VERSION:	3.13.5
[14:22:48.415][info] [#0:script/proto/proto.lua:260]: Listen Mode: stdio
[14:22:48.415][info] [#0:script/service/service.lua:145]: 
========= Medical Examination Report =========
    --------------- Memory ---------------
        Total: 2.255 MB
        # 00 : 2.255 MB
        # 01 : 0.000 MB
        # 02 : 0.000 MB
        # 03 : 0.000 MB
        # 04 : 0.000 MB
    --------------- Coroutine ---------------
        Total:     0
        Running:   0
        Suspended: 0
        Normal:    0
        Dead:      0
    --------------- Cache ---------------
        Total: 1
        Dead:  0
    ---------------  RPC  ---------------
        Holdon:   0
        Waiting:  0
==============================================
[14:22:48.528][info] [#0:script/client.lua:657]: Client init	{
  capabilities = {
    general = {
      markdown = {
        allowedTags = { "ul", "li", "p", "code", "blockquote", "ol", "h1", "h2", "h3", "h4", "h5", "h6", "hr", "em", "pre", "table", "thead", "tbody", "tr", "th", "td", "div", "del", "a", "strong", "br", "img", "span" },
        parser = "marked",
        version = "1.1.0"
      },
      positionEncodings = { "utf-16" },
      regularExpressions = {
        engine = "ECMAScript",
        version = "ES2020"
      },
      staleRequestSupport = {
        cancel = true,
        retryOnContentModified = { "textDocument/semanticTokens/full", "textDocument/semanticTokens/range", "textDocument/semanticTokens/full/delta" }
      }
    },
    notebookDocument = {
      synchronization = {
        dynamicRegistration = true,
        executionSummarySupport = true
      }
    },
    textDocument = {
      callHierarchy = {
        dynamicRegistration = true
      },
      codeAction = {
        codeActionLiteralSupport = {
          codeActionKind = {
            valueSet = { "", "quickfix", "refactor", "refactor.extract", "refactor.inline", "refactor.rewrite", "source", "source.organizeImports" }
          }
        },
        dataSupport = true,
        disabledSupport = true,
        dynamicRegistration = true,
        honorsChangeAnnotations = true,
        isPreferredSupport = true,
        resolveSupport = {
          properties = { "edit" }
        }
      },
      codeLens = {
        dynamicRegistration = true
      },
      colorProvider = {
        dynamicRegistration = true
      },
      completion = {
        completionItem = {
          commitCharactersSupport = true,
          deprecatedSupport = true,
          documentationFormat = { "markdown", "plaintext" },
          insertReplaceSupport = true,
          insertTextModeSupport = {
            valueSet = { 1, 2 }
          },
          labelDetailsSupport = true,
          preselectSupport = true,
          resolveSupport = {
            properties = { "documentation", "detail", "additionalTextEdits" }
          },
          snippetSupport = true,
          tagSupport = {
            valueSet = { 1 }
          }
        },
        completionItemKind = {
          valueSet = { 1, 2, 3, 4, 5, 6, 7, 8, 9, 10, 11, 12, 13, 14, 15, 16, 17, 18, 19, 20, 21, 22, 23, 24, 25 }
        },
        completionList = {
          itemDefaults = { "commitCharacters", "editRange", "insertTextFormat", "insertTextMode", "data" }
        },
        contextSupport = true,
        dynamicRegistration = true,
        insertTextMode = 2
      },
      declaration = {
        dynamicRegistration = true,
        linkSupport = true
      },
      definition = {
        dynamicRegistration = true,
        linkSupport = true
      },
      diagnostic = {
        dynamicRegistration = true,
        relatedDocumentSupport = false
      },
      documentHighlight = {
        dynamicRegistration = true
      },
      documentLink = {
        dynamicRegistration = true,
        tooltipSupport = true
      },
      documentSymbol = {
        dynamicRegistration = true,
        hierarchicalDocumentSymbolSupport = true,
        labelSupport = true,
        symbolKind = {
          valueSet = { 1, 2, 3, 4, 5, 6, 7, 8, 9, 10, 11, 12, 13, 14, 15, 16, 17, 18, 19, 20, 21, 22, 23, 24, 25, 26 }
        },
        tagSupport = {
          valueSet = { 1 }
        }
      },
      foldingRange = {
        dynamicRegistration = true,
        foldingRange = {
          collapsedText = false
        },
        foldingRangeKind = {
          valueSet = { "comment", "imports", "region" }
        },
        lineFoldingOnly = true,
        rangeLimit = 5000
      },
      formatting = {
        dynamicRegistration = true
      },
      hover = {
        contentFormat = { "markdown", "plaintext" },
        dynamicRegistration = true
      },
      implementation = {
        dynamicRegistration = true,
        linkSupport = true
      },
      inlayHint = {
        dynamicRegistration = true,
        resolveSupport = {
          properties = { "tooltip", "textEdits", "label.tooltip", "label.location", "label.command" }
        }
      },
      inlineValue = {
        dynamicRegistration = true
      },
      linkedEditingRange = {
        dynamicRegistration = true
      },
      onTypeFormatting = {
        dynamicRegistration = true
      },
      publishDiagnostics = {
        codeDescriptionSupport = true,
        dataSupport = true,
        relatedInformation = true,
        tagSupport = {
          valueSet = { 1, 2 }
        },
        versionSupport = false
      },
      rangeFormatting = {
        dynamicRegistration = true,
        rangesSupport = true
      },
      references = {
        dynamicRegistration = true
      },
      rename = {
        dynamicRegistration = true,
        honorsChangeAnnotations = true,
        prepareSupport = true,
        prepareSupportDefaultBehavior = 1
      },
      selectionRange = {
        dynamicRegistration = true
      },
      semanticTokens = {
        augmentsSyntaxTokens = true,
        dynamicRegistration = true,
        formats = { "relative" },
        multilineTokenSupport = false,
        overlappingTokenSupport = false,
        requests = {
          full = {
            delta = true
          },
          range = true
        },
        serverCancelSupport = true,
        tokenModifiers = { "declaration", "definition", "readonly", "static", "deprecated", "abstract", "async", "modification", "documentation", "defaultLibrary" },
        tokenTypes = { "namespace", "type", "class", "enum", "interface", "struct", "typeParameter", "parameter", "variable", "property", "enumMember", "event", "function", "method", "macro", "keyword", "modifier", "comment", "string", "number", "regexp", "operator", "decorator" }
      },
      signatureHelp = {
        contextSupport = true,
        dynamicRegistration = true,
        signatureInformation = {
          activeParameterSupport = true,
          documentationFormat = { "markdown", "plaintext" },
          parameterInformation = {
            labelOffsetSupport = true
          }
        }
      },
      synchronization = {
        didSave = true,
        dynamicRegistration = true,
        willSave = true,
        willSaveWaitUntil = true
      },
      typeDefinition = {
        dynamicRegistration = true,
        linkSupport = true
      },
      typeHierarchy = {
        dynamicRegistration = true
      }
    },
    window = {
      showDocument = {
        support = true
      },
      showMessage = {
        messageActionItem = {
          additionalPropertiesSupport = true
        }
      },
      workDoneProgress = true
    },
    workspace = {
      applyEdit = true,
      codeLens = {
        refreshSupport = true
      },
      configuration = true,
      diagnostics = {
        refreshSupport = true
      },
      didChangeConfiguration = {
        dynamicRegistration = true
      },
      didChangeWatchedFiles = {
        dynamicRegistration = true,
        relativePatternSupport = true
      },
      executeCommand = {
        dynamicRegistration = true
      },
      fileOperations = {
        didCreate = true,
        didDelete = true,
        didRename = true,
        dynamicRegistration = true,
        willCreate = true,
        willDelete = true,
        willRename = true
      },
      foldingRange = {
        refreshSupport = true
      },
      inlayHint = {
        refreshSupport = true
      },
      inlineValue = {
        refreshSupport = true
      },
      semanticTokens = {
        refreshSupport = true
      },
      symbol = {
        dynamicRegistration = true,
        resolveSupport = {
          properties = { "location.range" }
        },
        symbolKind = {
          valueSet = { 1, 2, 3, 4, 5, 6, 7, 8, 9, 10, 11, 12, 13, 14, 15, 16, 17, 18, 19, 20, 21, 22, 23, 24, 25, 26 }
        },
        tagSupport = {
          valueSet = { 1 }
        }
      },
      workspaceEdit = {
        changeAnnotationSupport = {
          groupsOnLabel = true
        },
        documentChanges = true,
        failureHandling = "textOnlyTransactional",
        normalizesLineEndings = true,
        resourceOperations = { "create", "rename", "delete" }
      },
      workspaceFolders = true
    }
  },
  clientInfo = {
    name = "Visual Studio Code",
    version = "1.96.4"
  },
  initializationOptions = {
    changeConfiguration = true,
    codeLensViewReferences = true,
    fixIndents = true,
    languageConfiguration = true,
    statusBar = true,
    storagePath = "/Users/johnjson/Library/Application Support/Code/User/globalStorage/sumneko.lua",
    trustByClient = true,
    useSemanticByRange = true,
    viewDocument = true
  },
  locale = "en",
  processId = 4047,
  rootPath = "/Users/johnjson/.config/sketchybar",
  rootUri = "file:///Users/johnjson/.config/sketchybar",
  trace = "off",
  workDoneToken = "82544b1f-d86b-4e7e-b4cb-4d93752de6bd",
  workspaceFolders = { {
      name = "sketchybar",
      uri = "file:///Users/johnjson/.config/sketchybar"
    } }
}
[14:22:48.529][info] [#0:script/language.lua:137]: VSC language: en
[14:22:48.529][info] [#0:script/language.lua:138]: LS  language: en-us
[14:22:48.529][info] [#0:script/workspace/workspace.lua:38]: Workspace init root: 	file:///Users/johnjson/.config/sketchybar
[14:22:48.529][info] [#0:script/workspace/workspace.lua:42]: Log path: 	/Users/johnjson/.vscode/extensions/sumneko.lua-3.13.5-darwin-arm64/server/log/file_Users_johnjson_.config_sketchybar.log
